2026-03-17 13:49:22.778 [info] Extension host with pid 87799 started
2026-03-17 13:49:22.778 [error] Error: EEXIST: file already exists, open '/config/data/User/workspaceStorage/527ed0a5/vscode.lock'
2026-03-17 13:49:22.780 [info] Lock '/config/data/User/workspaceStorage/527ed0a5/vscode.lock': Could not acquire lock, checking if the file is stale.
2026-03-17 13:49:22.785 [info] Lock '/config/data/User/workspaceStorage/527ed0a5/vscode.lock': The lock does not look stale, elapsed: 483 ms, giving up.
2026-03-17 13:49:22.786 [error] Error: EEXIST: file already exists, open '/config/data/User/workspaceStorage/527ed0a5-1/vscode.lock'
2026-03-17 13:49:22.786 [info] Lock '/config/data/User/workspaceStorage/527ed0a5-1/vscode.lock': Could not acquire lock, checking if the file is stale.
2026-03-17 13:49:22.786 [info] Lock '/config/data/User/workspaceStorage/527ed0a5-1/vscode.lock': The lock does not look stale, elapsed: 842 ms, giving up.
2026-03-17 13:49:22.792 [info] Lock '/config/data/User/workspaceStorage/527ed0a5-2/vscode.lock': Lock acquired.
2026-03-17 13:49:23.077 [info] ExtensionService#_doActivateExtension vscode.github-authentication, startup: false, activationEvent: 'onAuthenticationRequest:github'
2026-03-17 13:49:23.078 [info] ExtensionService#_doActivateExtension vscode.emmet, startup: false, activationEvent: 'onLanguage'
2026-03-17 13:49:23.078 [info] ExtensionService#_doActivateExtension vscode.extension-editing, startup: false, activationEvent: 'onLanguage:markdown'
2026-03-17 13:49:23.078 [info] ExtensionService#_doActivateExtension vscode.markdown-language-features, startup: false, activationEvent: 'onLanguage:markdown'
2026-03-17 13:49:23.671 [info] ExtensionService#_doActivateExtension vscode.git-base, startup: true, activationEvent: '*', root cause: vscode.git
2026-03-17 13:49:23.770 [info] ExtensionService#_doActivateExtension vscode.git, startup: true, activationEvent: '*'
2026-03-17 13:49:23.770 [info] ExtensionService#_doActivateExtension vscode.github, startup: true, activationEvent: '*'
2026-03-17 13:49:23.980 [info] ExtensionService#_doActivateExtension vscode.markdown-math, startup: false, activationEvent: 'api', root cause: vscode.markdown-language-features
2026-03-17 13:49:24.153 [info] Eager extensions activated
2026-03-17 13:49:24.153 [info] ExtensionService#_doActivateExtension vscode.debug-auto-launch, startup: false, activationEvent: 'onStartupFinished'
2026-03-17 13:49:24.153 [info] ExtensionService#_doActivateExtension vscode.merge-conflict, startup: false, activationEvent: 'onStartupFinished'
2026-03-17 13:49:25.616 [info] ExtensionService#_doActivateExtension vscode.terminal-suggest, startup: false, activationEvent: 'onTerminalShellIntegration:*'
2026-03-17 13:50:09.133 [info] Extension host terminating: received terminate message from renderer
2026-03-17 13:50:09.133 [info] Lock '/config/data/User/workspaceStorage/527ed0a5-2/vscode.lock': Marking the lockfile as scheduled to be released in 6000 ms.
2026-03-17 13:50:09.149 [info] Extension host with pid 87799 exiting with code 0
