2026-03-17 13:47:05.934 [info] [main] Log level: Info
2026-03-17 13:47:05.934 [info] [main] Validating found git in: "git"
2026-03-17 13:47:05.934 [info] [main] Using git "2.43.0" from "git"
2026-03-17 13:47:05.934 [info] [Model][doInitialScan] Initial repository scan started
2026-03-17 13:47:05.934 [info] > git rev-parse --show-toplevel [3ms]
2026-03-17 13:47:05.934 [info] fatal: not a git repository (or any parent up to mount point /)
Stopping at filesystem boundary (GIT_DISCOVERY_ACROSS_FILESYSTEM not set).
2026-03-17 13:47:05.934 [info] > git rev-parse --show-toplevel [2ms]
2026-03-17 13:47:05.934 [info] > git rev-parse --git-dir --git-common-dir --show-superproject-working-tree [6ms]
2026-03-17 13:47:06.064 [info] [Model][openRepository] Opened repository (path): /config/workspace/myhomecloud
2026-03-17 13:47:06.064 [info] [Model][openRepository] Opened repository (real path): /config/workspace/myhomecloud
2026-03-17 13:47:06.064 [info] [Model][openRepository] Opened repository (kind): repository
2026-03-17 13:47:06.067 [info] [Model][doInitialScan] Initial repository scan completed - repositories (1), closed repositories (0), parent repositories (0), unsafe repositories (0)
2026-03-17 13:47:06.078 [info] > git config --get commit.template [1ms]
2026-03-17 13:47:06.087 [info] > git for-each-ref --format=%(refname)%00%(upstream:short)%00%(objectname)%00%(upstream:track)%00%(upstream:remotename)%00%(upstream:remoteref) refs/heads/main refs/remotes/main [1ms]
2026-03-17 13:47:06.090 [warning] [Git][revParse] Unable to read file: ENOENT: no such file or directory, open '/config/workspace/myhomecloud/.git/refs/remotes/origin/main'
2026-03-17 13:47:06.091 [info] > git rev-parse refs/remotes/origin/main [1ms]
2026-03-17 13:47:06.100 [info] > git status -z -uall [6ms]
2026-03-17 13:47:06.100 [info] > git for-each-ref --sort -committerdate --format %(refname)%00%(objectname)%00%(*objectname) [0ms]
2026-03-17 13:47:06.153 [info] > git for-each-ref --format=%(refname)%00%(upstream:short)%00%(objectname)%00%(upstream:track)%00%(upstream:remotename)%00%(upstream:remoteref) refs/heads/main refs/remotes/main [5ms]
2026-03-17 13:47:06.166 [info] > git config --get --local branch.main.vscode-merge-base [2ms]
2026-03-17 13:47:06.174 [info] > git config --get commit.template [19ms]
2026-03-17 13:47:06.175 [info] > git for-each-ref --format=%(refname)%00%(upstream:short)%00%(objectname)%00%(upstream:track)%00%(upstream:remotename)%00%(upstream:remoteref) refs/heads/origin/main refs/remotes/origin/main [3ms]
2026-03-17 13:47:06.204 [info] > git merge-base refs/heads/main refs/remotes/origin/main [13ms]
2026-03-17 13:47:06.210 [info] > git for-each-ref --format=%(refname)%00%(upstream:short)%00%(objectname)%00%(upstream:track)%00%(upstream:remotename)%00%(upstream:remoteref) refs/heads/main refs/remotes/main [6ms]
2026-03-17 13:47:06.217 [warning] [Git][revParse] Unable to read file: ENOENT: no such file or directory, open '/config/workspace/myhomecloud/.git/refs/remotes/origin/main'
2026-03-17 13:47:06.219 [info] > git diff --raw --numstat --diff-filter=ADMR -z --find-renames=50% 788206fa3d2f5e76e6c68a235bdb4a0482bfa12a...refs/remotes/origin/main -- [8ms]
2026-03-17 13:47:06.220 [info] > git rev-parse refs/remotes/origin/main [3ms]
2026-03-17 13:47:06.236 [info] > git status -z -uall [8ms]
2026-03-17 13:47:06.236 [info] > git for-each-ref --sort -committerdate --format %(refname)%00%(objectname)%00%(*objectname) [1ms]
2026-03-17 13:47:06.861 [info] > git check-ignore -v -z --stdin [9ms]
2026-03-17 13:47:06.975 [info] > git check-ignore -v -z --stdin [1ms]
2026-03-17 13:47:07.093 [info] > git show --textconv :README.md [21ms]
2026-03-17 13:47:07.093 [info] > git ls-files --stage -- README.md [16ms]
2026-03-17 13:47:07.100 [info] > git cat-file -s b0855a06cf467128b057d0a809e3eb24773dd0eb [1ms]
2026-03-17 13:47:07.455 [info] > git blame --root --incremental 788206fa3d2f5e76e6c68a235bdb4a0482bfa12a -- README.md [1ms]
2026-03-17 13:47:08.985 [info] > git rev-parse --show-toplevel [0ms]
2026-03-17 13:47:08.985 [info] fatal: not a git repository (or any parent up to mount point /)
Stopping at filesystem boundary (GIT_DISCOVERY_ACROSS_FILESYSTEM not set).
