2026-03-17 15:08:10.033 [info] [main] Log level: Info
2026-03-17 15:08:10.033 [info] [main] Validating found git in: "git"
2026-03-17 15:08:10.033 [info] [main] Using git "2.43.0" from "git"
2026-03-17 15:08:10.033 [info] [Model][doInitialScan] Initial repository scan started
2026-03-17 15:08:10.033 [info] > git rev-parse --show-toplevel [1ms]
2026-03-17 15:08:10.033 [info] fatal: not a git repository (or any parent up to mount point /)
Stopping at filesystem boundary (GIT_DISCOVERY_ACROSS_FILESYSTEM not set).
2026-03-17 15:08:10.033 [info] > git rev-parse --show-toplevel [1ms]
2026-03-17 15:08:10.033 [info] > git rev-parse --git-dir --git-common-dir --show-superproject-working-tree [2ms]
2026-03-17 15:08:10.116 [info] [Model][openRepository] Opened repository (path): /config/workspace/myhomecloud
2026-03-17 15:08:10.116 [info] [Model][openRepository] Opened repository (real path): /config/workspace/myhomecloud
2026-03-17 15:08:10.116 [info] [Model][openRepository] Opened repository (kind): repository
2026-03-17 15:08:10.119 [info] [Model][doInitialScan] Initial repository scan completed - repositories (1), closed repositories (0), parent repositories (0), unsafe repositories (0)
2026-03-17 15:08:10.123 [info] > git config --get commit.template [2ms]
2026-03-17 15:08:10.123 [info] > git rev-parse --show-toplevel [1ms]
2026-03-17 15:08:10.123 [info] fatal: not a git repository (or any parent up to mount point /)
Stopping at filesystem boundary (GIT_DISCOVERY_ACROSS_FILESYSTEM not set).
2026-03-17 15:08:10.125 [info] > git for-each-ref --format=%(refname)%00%(upstream:short)%00%(objectname)%00%(upstream:track)%00%(upstream:remotename)%00%(upstream:remoteref) refs/heads/main refs/remotes/main [1ms]
2026-03-17 15:08:10.127 [warning] [Git][revParse] Unable to read file: ENOENT: no such file or directory, open '/config/workspace/myhomecloud/.git/refs/remotes/origin/main'
2026-03-17 15:08:10.127 [info] > git rev-parse refs/remotes/origin/main [0ms]
2026-03-17 15:08:10.132 [info] > git status -z -uall [3ms]
2026-03-17 15:08:10.133 [info] > git for-each-ref --sort -committerdate --format %(refname)%00%(objectname)%00%(*objectname) [1ms]
2026-03-17 15:08:10.152 [info] > git for-each-ref --format=%(refname)%00%(upstream:short)%00%(objectname)%00%(upstream:track)%00%(upstream:remotename)%00%(upstream:remoteref) refs/heads/main refs/remotes/main [3ms]
2026-03-17 15:08:10.158 [info] > git config --get --local branch.main.vscode-merge-base [3ms]
2026-03-17 15:08:10.161 [info] > git config --get commit.template [4ms]
2026-03-17 15:08:10.163 [info] > git for-each-ref --format=%(refname)%00%(upstream:short)%00%(objectname)%00%(upstream:track)%00%(upstream:remotename)%00%(upstream:remoteref) refs/heads/origin/main refs/remotes/origin/main [4ms]
2026-03-17 15:08:10.166 [info] > git for-each-ref --format=%(refname)%00%(upstream:short)%00%(objectname)%00%(upstream:track)%00%(upstream:remotename)%00%(upstream:remoteref) refs/heads/main refs/remotes/main [2ms]
2026-03-17 15:08:10.167 [warning] [Git][revParse] Unable to read file: ENOENT: no such file or directory, open '/config/workspace/myhomecloud/.git/refs/remotes/origin/main'
2026-03-17 15:08:10.168 [info] > git merge-base refs/heads/main refs/remotes/origin/main [3ms]
2026-03-17 15:08:10.170 [info] > git rev-parse refs/remotes/origin/main [3ms]
2026-03-17 15:08:10.173 [info] > git status -z -uall [2ms]
2026-03-17 15:08:10.173 [info] > git diff --raw --numstat --diff-filter=ADMR -z --find-renames=50% 788206fa3d2f5e76e6c68a235bdb4a0482bfa12a...refs/remotes/origin/main -- [4ms]
2026-03-17 15:08:10.174 [info] > git for-each-ref --sort -committerdate --format %(refname)%00%(objectname)%00%(*objectname) [1ms]
2026-03-17 15:08:10.640 [info] > git check-ignore -v -z --stdin [0ms]
2026-03-17 15:08:10.756 [info] > git check-ignore -v -z --stdin [0ms]
2026-03-17 15:08:10.767 [info] > git show --textconv :frontend/index.html [2ms]
2026-03-17 15:08:10.768 [info] > git ls-files --stage -- frontend/index.html [1ms]
2026-03-17 15:08:10.770 [info] > git cat-file -s e0abff52196b796df6d563a96a0f6ce8d447a0dd [1ms]
2026-03-17 15:08:11.267 [info] > git log --format=%H%n%aN%n%aE%n%at%n%ct%n%P%n%D%n%B -z --shortstat --diff-merges=first-parent -n50 --skip=0 --topo-order --decorate=full --stdin [2ms]
2026-03-17 15:08:11.346 [info] > git rev-parse --show-toplevel [1ms]
2026-03-17 15:08:11.346 [info] fatal: not a git repository (or any parent up to mount point /)
Stopping at filesystem boundary (GIT_DISCOVERY_ACROSS_FILESYSTEM not set).
2026-03-17 15:08:11.812 [info] > git rev-parse --show-toplevel [0ms]
2026-03-17 15:08:11.812 [info] fatal: not a git repository (or any parent up to mount point /)
Stopping at filesystem boundary (GIT_DISCOVERY_ACROSS_FILESYSTEM not set).
2026-03-17 15:08:11.816 [info] > git blame --root --incremental 788206fa3d2f5e76e6c68a235bdb4a0482bfa12a -- frontend/index.html [1ms]
2026-03-17 15:08:12.078 [info] > git merge-base main origin/main [1ms]
2026-03-17 15:08:14.624 [info] > git log --format=%H%n%aN%n%aE%n%at%n%ct%n%P%n%D%n%B -z --shortstat --diff-merges=first-parent -n50 --skip=0 --topo-order --decorate=full --stdin [1ms]
2026-03-17 15:08:14.743 [info] > git merge-base main origin/main [1ms]
2026-03-17 15:08:20.869 [info] > git check-ignore -v -z --stdin [1ms]
