2026-03-17 13:46:56.613 [info] [main] Log level: Info
2026-03-17 13:46:56.613 [info] [main] Validating found git in: "git"
2026-03-17 13:46:56.613 [info] [main] Using git "2.43.0" from "git"
2026-03-17 13:46:56.613 [info] [Model][doInitialScan] Initial repository scan started
2026-03-17 13:46:56.613 [info] > git rev-parse --show-toplevel [3ms]
2026-03-17 13:46:56.613 [info] fatal: not a git repository (or any parent up to mount point /)
Stopping at filesystem boundary (GIT_DISCOVERY_ACROSS_FILESYSTEM not set).
2026-03-17 13:46:56.613 [info] > git rev-parse --show-toplevel [5ms]
2026-03-17 13:46:56.613 [info] > git rev-parse --git-dir --git-common-dir --show-superproject-working-tree [4ms]
2026-03-17 13:46:56.725 [info] [Model][openRepository] Opened repository (path): /config/workspace/myhomecloud
2026-03-17 13:46:56.725 [info] [Model][openRepository] Opened repository (real path): /config/workspace/myhomecloud
2026-03-17 13:46:56.725 [info] [Model][openRepository] Opened repository (kind): repository
2026-03-17 13:46:56.728 [info] [Model][doInitialScan] Initial repository scan completed - repositories (1), closed repositories (0), parent repositories (0), unsafe repositories (0)
2026-03-17 13:46:56.734 [info] > git config --get commit.template [2ms]
2026-03-17 13:46:56.751 [info] > git for-each-ref --format=%(refname)%00%(upstream:short)%00%(objectname)%00%(upstream:track)%00%(upstream:remotename)%00%(upstream:remoteref) refs/heads/main refs/remotes/main [1ms]
2026-03-17 13:46:56.764 [warning] [Git][revParse] Unable to read file: ENOENT: no such file or directory, open '/config/workspace/myhomecloud/.git/refs/remotes/origin/main'
2026-03-17 13:46:56.765 [info] > git rev-parse refs/remotes/origin/main [1ms]
2026-03-17 13:46:56.778 [info] > git status -z -uall [6ms]
2026-03-17 13:46:56.778 [info] > git for-each-ref --sort -committerdate --format %(refname)%00%(objectname)%00%(*objectname) [1ms]
2026-03-17 13:46:56.814 [info] > git for-each-ref --format=%(refname)%00%(upstream:short)%00%(objectname)%00%(upstream:track)%00%(upstream:remotename)%00%(upstream:remoteref) refs/heads/main refs/remotes/main [7ms]
2026-03-17 13:46:56.817 [info] > git config --get --local branch.main.vscode-merge-base [1ms]
2026-03-17 13:46:56.832 [info] > git config --get commit.template [19ms]
2026-03-17 13:46:56.833 [info] > git for-each-ref --format=%(refname)%00%(upstream:short)%00%(objectname)%00%(upstream:track)%00%(upstream:remotename)%00%(upstream:remoteref) refs/heads/origin/main refs/remotes/origin/main [1ms]
2026-03-17 13:46:56.851 [info] > git merge-base refs/heads/main refs/remotes/origin/main [12ms]
2026-03-17 13:46:56.864 [info] > git for-each-ref --format=%(refname)%00%(upstream:short)%00%(objectname)%00%(upstream:track)%00%(upstream:remotename)%00%(upstream:remoteref) refs/heads/main refs/remotes/main [16ms]
2026-03-17 13:46:56.865 [info] > git diff --raw --numstat --diff-filter=ADMR -z --find-renames=50% 788206fa3d2f5e76e6c68a235bdb4a0482bfa12a...refs/remotes/origin/main -- [3ms]
2026-03-17 13:46:56.872 [warning] [Git][revParse] Unable to read file: ENOENT: no such file or directory, open '/config/workspace/myhomecloud/.git/refs/remotes/origin/main'
2026-03-17 13:46:56.872 [info] > git rev-parse refs/remotes/origin/main [0ms]
2026-03-17 13:46:56.886 [info] > git status -z -uall [7ms]
2026-03-17 13:46:56.886 [info] > git for-each-ref --sort -committerdate --format %(refname)%00%(objectname)%00%(*objectname) [3ms]
2026-03-17 13:46:56.938 [info] > git rev-parse --show-toplevel [12ms]
2026-03-17 13:46:56.938 [info] fatal: not a git repository (or any parent up to mount point /)
Stopping at filesystem boundary (GIT_DISCOVERY_ACROSS_FILESYSTEM not set).
2026-03-17 13:46:57.207 [info] > git check-ignore -v -z --stdin [1ms]
2026-03-17 13:46:57.291 [info] > git show --textconv :README.md [3ms]
2026-03-17 13:46:57.291 [info] > git ls-files --stage -- README.md [1ms]
2026-03-17 13:46:57.294 [info] > git cat-file -s b0855a06cf467128b057d0a809e3eb24773dd0eb [1ms]
2026-03-17 13:46:57.463 [info] > git blame --root --incremental 788206fa3d2f5e76e6c68a235bdb4a0482bfa12a -- README.md [2ms]
2026-03-17 13:46:57.483 [info] > git check-ignore -v -z --stdin [1ms]
2026-03-17 13:46:58.064 [info] > git check-ignore -v -z --stdin [0ms]
2026-03-17 13:46:58.344 [info] > git rev-parse --show-toplevel [1ms]
2026-03-17 13:46:58.344 [info] fatal: not a git repository (or any parent up to mount point /)
Stopping at filesystem boundary (GIT_DISCOVERY_ACROSS_FILESYSTEM not set).
