2026-03-17 10:50:17.378 [info] [main] Log level: Info
2026-03-17 10:50:17.378 [info] [main] Validating found git in: "git"
2026-03-17 10:50:17.378 [info] [main] Using git "2.43.0" from "git"
2026-03-17 10:50:17.378 [info] [Model][doInitialScan] Initial repository scan started
2026-03-17 10:50:17.378 [info] > git rev-parse --show-toplevel [3ms]
2026-03-17 10:50:17.378 [info] fatal: not a git repository (or any parent up to mount point /)
Stopping at filesystem boundary (GIT_DISCOVERY_ACROSS_FILESYSTEM not set).
2026-03-17 10:50:17.378 [info] [Model][doInitialScan] Initial repository scan completed - repositories (0), closed repositories (0), parent repositories (0), unsafe repositories (0)
2026-03-17 10:58:06.740 [info] > git rev-parse --show-toplevel [1ms]
2026-03-17 10:58:06.740 [info] fatal: not a git repository (or any parent up to mount point /)
Stopping at filesystem boundary (GIT_DISCOVERY_ACROSS_FILESYSTEM not set).
2026-03-17 10:58:07.295 [info] > git rev-parse --show-toplevel [1ms]
2026-03-17 10:58:07.295 [info] fatal: not a git repository (or any parent up to mount point /)
Stopping at filesystem boundary (GIT_DISCOVERY_ACROSS_FILESYSTEM not set).
2026-03-17 10:58:11.778 [info] > git rev-parse --show-toplevel [0ms]
2026-03-17 10:58:11.778 [info] fatal: not a git repository (or any parent up to mount point /)
Stopping at filesystem boundary (GIT_DISCOVERY_ACROSS_FILESYSTEM not set).
2026-03-17 10:58:40.948 [info] > git rev-parse --show-toplevel [2ms]
2026-03-17 10:58:40.952 [info] > git rev-parse --git-dir --git-common-dir --show-superproject-working-tree [2ms]
2026-03-17 10:58:41.264 [info] [Model][openRepository] Opened repository (path): /config/workspace/myhomecloud
2026-03-17 10:58:41.264 [info] [Model][openRepository] Opened repository (real path): /config/workspace/myhomecloud
2026-03-17 10:58:41.264 [info] [Model][openRepository] Opened repository (kind): repository
2026-03-17 10:58:41.271 [info] > git config --get commit.template [2ms]
2026-03-17 10:58:41.271 [info] > git for-each-ref --format=%(refname)%00%(upstream:short)%00%(objectname)%00%(upstream:track)%00%(upstream:remotename)%00%(upstream:remoteref) refs/heads/main refs/remotes/main [1ms]
2026-03-17 10:58:41.273 [warning] [Git][revParse] Unable to read file: ENOENT: no such file or directory, open '/config/workspace/myhomecloud/.git/refs/remotes/origin/main'
2026-03-17 10:58:41.274 [info] > git rev-parse refs/remotes/origin/main [1ms]
2026-03-17 10:58:41.288 [info] > git status -z -uall [7ms]
2026-03-17 10:58:41.294 [info] > git for-each-ref --sort -committerdate --format %(refname)%00%(objectname)%00%(*objectname) [7ms]
2026-03-17 10:58:41.326 [info] > git for-each-ref --format=%(refname)%00%(upstream:short)%00%(objectname)%00%(upstream:track)%00%(upstream:remotename)%00%(upstream:remoteref) refs/heads/main refs/remotes/main [7ms]
2026-03-17 10:58:41.339 [info] > git config --get --local branch.main.vscode-merge-base [2ms]
2026-03-17 10:58:41.339 [warning] [Git][config] git config failed: Failed to execute git
2026-03-17 10:58:41.341 [info] > git config --get commit.template [15ms]
2026-03-17 10:58:41.346 [info] > git for-each-ref --format=%(refname)%00%(upstream:short)%00%(objectname)%00%(upstream:track)%00%(upstream:remotename)%00%(upstream:remoteref) refs/heads/main refs/remotes/main [1ms]
2026-03-17 10:58:41.346 [info] > git reflog main --grep-reflog=branch: Created from *. [5ms]
2026-03-17 10:58:41.354 [warning] [Git][revParse] Unable to read file: ENOENT: no such file or directory, open '/config/workspace/myhomecloud/.git/refs/remotes/origin/main'
2026-03-17 10:58:41.356 [info] > git symbolic-ref --short refs/remotes/origin/HEAD [5ms]
2026-03-17 10:58:41.358 [info] > git for-each-ref --format=%(refname)%00%(upstream:short)%00%(objectname)%00%(upstream:track)%00%(upstream:remotename)%00%(upstream:remoteref) refs/heads/origin/main refs/remotes/origin/main [0ms]
2026-03-17 10:58:41.363 [info] > git rev-parse refs/remotes/origin/main [9ms]
2026-03-17 10:58:41.372 [info] > git status -z -uall [7ms]
2026-03-17 10:58:41.372 [info] > git for-each-ref --sort -committerdate --format %(refname)%00%(objectname)%00%(*objectname) [1ms]
2026-03-17 10:58:41.375 [info] > git config --add --local branch.main.vscode-merge-base origin/main [13ms]
2026-03-17 10:58:41.391 [info] > git config --get commit.template [1ms]
2026-03-17 10:58:41.396 [info] > git for-each-ref --format=%(refname)%00%(upstream:short)%00%(objectname)%00%(upstream:track)%00%(upstream:remotename)%00%(upstream:remoteref) refs/heads/main refs/remotes/main [1ms]
2026-03-17 10:58:41.398 [warning] [Git][revParse] Unable to read file: ENOENT: no such file or directory, open '/config/workspace/myhomecloud/.git/refs/remotes/origin/main'
2026-03-17 10:58:41.398 [info] > git rev-parse refs/remotes/origin/main [0ms]
2026-03-17 10:58:41.401 [info] > git status -z -uall [2ms]
2026-03-17 10:58:41.402 [info] > git for-each-ref --sort -committerdate --format %(refname)%00%(objectname)%00%(*objectname) [1ms]
2026-03-17 10:58:41.407 [info] > git merge-base refs/heads/main refs/remotes/origin/main [3ms]
2026-03-17 10:58:41.410 [info] > git merge-base refs/heads/main refs/remotes/origin/main [3ms]
2026-03-17 10:58:41.417 [info] > git diff --raw --numstat --diff-filter=ADMR -z --find-renames=50% 788206fa3d2f5e76e6c68a235bdb4a0482bfa12a...refs/remotes/origin/main -- [8ms]
2026-03-17 10:58:41.417 [info] > git diff --raw --numstat --diff-filter=ADMR -z --find-renames=50% 788206fa3d2f5e76e6c68a235bdb4a0482bfa12a...refs/remotes/origin/main -- [6ms]
2026-03-17 10:58:42.058 [info] > git check-ignore -v -z --stdin [3ms]
2026-03-17 10:58:42.138 [info] > git check-ignore -v -z --stdin [1ms]
2026-03-17 10:58:42.411 [info] > git show --textconv :frontend/index.html [2ms]
2026-03-17 10:58:42.412 [info] > git ls-files --stage -- frontend/index.html [1ms]
2026-03-17 10:58:42.414 [info] > git cat-file -s e0abff52196b796df6d563a96a0f6ce8d447a0dd [1ms]
