2026-03-17 13:49:24.352 [info] [main] Log level: Info
2026-03-17 13:49:24.352 [info] [main] Validating found git in: "git"
2026-03-17 13:49:24.352 [info] [main] Using git "2.43.0" from "git"
2026-03-17 13:49:24.352 [info] [Model][doInitialScan] Initial repository scan started
2026-03-17 13:49:24.352 [info] > git rev-parse --show-toplevel [72ms]
2026-03-17 13:49:24.352 [info] fatal: not a git repository (or any parent up to mount point /)
Stopping at filesystem boundary (GIT_DISCOVERY_ACROSS_FILESYSTEM not set).
2026-03-17 13:49:24.352 [info] > git rev-parse --show-toplevel [7ms]
2026-03-17 13:49:24.352 [info] > git rev-parse --git-dir --git-common-dir --show-superproject-working-tree [8ms]
2026-03-17 13:49:24.420 [info] [Model][openRepository] Opened repository (path): /config/workspace/myhomecloud
2026-03-17 13:49:24.420 [info] [Model][openRepository] Opened repository (real path): /config/workspace/myhomecloud
2026-03-17 13:49:24.420 [info] [Model][openRepository] Opened repository (kind): repository
2026-03-17 13:49:24.429 [info] [Model][doInitialScan] Initial repository scan completed - repositories (1), closed repositories (0), parent repositories (0), unsafe repositories (0)
2026-03-17 13:49:24.445 [info] > git config --get commit.template [3ms]
2026-03-17 13:49:24.455 [info] > git for-each-ref --format=%(refname)%00%(upstream:short)%00%(objectname)%00%(upstream:track)%00%(upstream:remotename)%00%(upstream:remoteref) refs/heads/main refs/remotes/main [2ms]
2026-03-17 13:49:24.462 [warning] [Git][revParse] Unable to read file: ENOENT: no such file or directory, open '/config/workspace/myhomecloud/.git/refs/remotes/origin/main'
2026-03-17 13:49:24.463 [info] > git rev-parse refs/remotes/origin/main [1ms]
2026-03-17 13:49:24.479 [info] > git status -z -uall [11ms]
2026-03-17 13:49:24.480 [info] > git for-each-ref --sort -committerdate --format %(refname)%00%(objectname)%00%(*objectname) [5ms]
2026-03-17 13:49:24.527 [info] > git for-each-ref --format=%(refname)%00%(upstream:short)%00%(objectname)%00%(upstream:track)%00%(upstream:remotename)%00%(upstream:remoteref) refs/heads/main refs/remotes/main [15ms]
2026-03-17 13:49:24.531 [info] > git config --get commit.template [4ms]
2026-03-17 13:49:24.531 [info] > git config --get --local branch.main.vscode-merge-base [1ms]
2026-03-17 13:49:24.541 [info] > git for-each-ref --format=%(refname)%00%(upstream:short)%00%(objectname)%00%(upstream:track)%00%(upstream:remotename)%00%(upstream:remoteref) refs/heads/origin/main refs/remotes/origin/main [7ms]
2026-03-17 13:49:24.553 [info] > git merge-base refs/heads/main refs/remotes/origin/main [2ms]
2026-03-17 13:49:24.559 [info] > git for-each-ref --format=%(refname)%00%(upstream:short)%00%(objectname)%00%(upstream:track)%00%(upstream:remotename)%00%(upstream:remoteref) refs/heads/main refs/remotes/main [19ms]
2026-03-17 13:49:24.567 [warning] [Git][revParse] Unable to read file: ENOENT: no such file or directory, open '/config/workspace/myhomecloud/.git/refs/remotes/origin/main'
2026-03-17 13:49:24.569 [info] > git diff --raw --numstat --diff-filter=ADMR -z --find-renames=50% 788206fa3d2f5e76e6c68a235bdb4a0482bfa12a...refs/remotes/origin/main -- [9ms]
2026-03-17 13:49:24.569 [info] > git rev-parse refs/remotes/origin/main [2ms]
2026-03-17 13:49:24.575 [info] > git status -z -uall [3ms]
2026-03-17 13:49:24.578 [info] > git for-each-ref --sort -committerdate --format %(refname)%00%(objectname)%00%(*objectname) [4ms]
2026-03-17 13:49:24.748 [info] > git rev-parse --show-toplevel [1ms]
2026-03-17 13:49:24.748 [info] fatal: not a git repository (or any parent up to mount point /)
Stopping at filesystem boundary (GIT_DISCOVERY_ACROSS_FILESYSTEM not set).
2026-03-17 13:49:24.935 [info] > git check-ignore -v -z --stdin [11ms]
2026-03-17 13:49:25.020 [info] > git show --textconv :README.md [4ms]
2026-03-17 13:49:25.020 [info] > git ls-files --stage -- README.md [0ms]
2026-03-17 13:49:25.036 [info] > git cat-file -s b0855a06cf467128b057d0a809e3eb24773dd0eb [2ms]
2026-03-17 13:49:25.092 [info] > git check-ignore -v -z --stdin [2ms]
2026-03-17 13:49:25.185 [info] > git blame --root --incremental 788206fa3d2f5e76e6c68a235bdb4a0482bfa12a -- README.md [4ms]
2026-03-17 13:49:25.974 [info] > git rev-parse --show-toplevel [1ms]
2026-03-17 13:49:25.974 [info] fatal: not a git repository (or any parent up to mount point /)
Stopping at filesystem boundary (GIT_DISCOVERY_ACROSS_FILESYSTEM not set).
