2026-03-17 10:59:01.647 [info] [main] Log level: Info
2026-03-17 10:59:01.647 [info] [main] Validating found git in: "git"
2026-03-17 10:59:01.647 [info] [main] Using git "2.43.0" from "git"
2026-03-17 10:59:01.647 [info] [Model][doInitialScan] Initial repository scan started
2026-03-17 10:59:01.647 [info] > git rev-parse --show-toplevel [30ms]
2026-03-17 10:59:01.647 [info] fatal: not a git repository (or any parent up to mount point /)
Stopping at filesystem boundary (GIT_DISCOVERY_ACROSS_FILESYSTEM not set).
2026-03-17 10:59:01.647 [info] > git rev-parse --show-toplevel [1ms]
2026-03-17 10:59:01.647 [info] > git rev-parse --git-dir --git-common-dir --show-superproject-working-tree [4ms]
2026-03-17 10:59:01.691 [info] [Model][openRepository] Opened repository (path): /config/workspace/myhomecloud
2026-03-17 10:59:01.691 [info] [Model][openRepository] Opened repository (real path): /config/workspace/myhomecloud
2026-03-17 10:59:01.691 [info] [Model][openRepository] Opened repository (kind): repository
2026-03-17 10:59:01.693 [info] [Model][doInitialScan] Initial repository scan completed - repositories (1), closed repositories (0), parent repositories (0), unsafe repositories (0)
2026-03-17 10:59:01.699 [info] > git config --get commit.template [3ms]
2026-03-17 10:59:01.699 [info] > git for-each-ref --format=%(refname)%00%(upstream:short)%00%(objectname)%00%(upstream:track)%00%(upstream:remotename)%00%(upstream:remoteref) refs/heads/main refs/remotes/main [1ms]
2026-03-17 10:59:01.701 [warning] [Git][revParse] Unable to read file: ENOENT: no such file or directory, open '/config/workspace/myhomecloud/.git/refs/remotes/origin/main'
2026-03-17 10:59:01.701 [info] > git rev-parse refs/remotes/origin/main [0ms]
2026-03-17 10:59:01.705 [info] > git status -z -uall [2ms]
2026-03-17 10:59:01.706 [info] > git for-each-ref --sort -committerdate --format %(refname)%00%(objectname)%00%(*objectname) [1ms]
2026-03-17 10:59:01.721 [info] > git for-each-ref --format=%(refname)%00%(upstream:short)%00%(objectname)%00%(upstream:track)%00%(upstream:remotename)%00%(upstream:remoteref) refs/heads/main refs/remotes/main [2ms]
2026-03-17 10:59:01.723 [info] > git config --get commit.template [2ms]
2026-03-17 10:59:01.724 [info] > git config --get --local branch.main.vscode-merge-base [1ms]
2026-03-17 10:59:01.727 [info] > git for-each-ref --format=%(refname)%00%(upstream:short)%00%(objectname)%00%(upstream:track)%00%(upstream:remotename)%00%(upstream:remoteref) refs/heads/origin/main refs/remotes/origin/main [2ms]
2026-03-17 10:59:01.729 [info] > git for-each-ref --format=%(refname)%00%(upstream:short)%00%(objectname)%00%(upstream:track)%00%(upstream:remotename)%00%(upstream:remoteref) refs/heads/main refs/remotes/main [3ms]
2026-03-17 10:59:01.730 [warning] [Git][revParse] Unable to read file: ENOENT: no such file or directory, open '/config/workspace/myhomecloud/.git/refs/remotes/origin/main'
2026-03-17 10:59:01.731 [info] > git merge-base refs/heads/main refs/remotes/origin/main [3ms]
2026-03-17 10:59:01.733 [info] > git rev-parse refs/remotes/origin/main [3ms]
2026-03-17 10:59:01.736 [info] > git status -z -uall [2ms]
2026-03-17 10:59:01.736 [info] > git diff --raw --numstat --diff-filter=ADMR -z --find-renames=50% 788206fa3d2f5e76e6c68a235bdb4a0482bfa12a...refs/remotes/origin/main -- [3ms]
2026-03-17 10:59:01.737 [info] > git for-each-ref --sort -committerdate --format %(refname)%00%(objectname)%00%(*objectname) [2ms]
2026-03-17 10:59:02.239 [info] > git check-ignore -v -z --stdin [1ms]
2026-03-17 10:59:02.929 [info] > git check-ignore -v -z --stdin [0ms]
2026-03-17 10:59:03.301 [info] > git rev-parse --show-toplevel [1ms]
2026-03-17 10:59:03.301 [info] fatal: not a git repository (or any parent up to mount point /)
Stopping at filesystem boundary (GIT_DISCOVERY_ACROSS_FILESYSTEM not set).
2026-03-17 10:59:04.039 [info] > git check-ignore -v -z --stdin [0ms]
2026-03-17 10:59:04.425 [info] > git check-ignore -v -z --stdin [0ms]
2026-03-17 10:59:04.449 [info] > git show --textconv :frontend/index.html [2ms]
2026-03-17 10:59:04.450 [info] > git ls-files --stage -- frontend/index.html [1ms]
2026-03-17 10:59:04.452 [info] > git cat-file -s e0abff52196b796df6d563a96a0f6ce8d447a0dd [1ms]
2026-03-17 10:59:04.991 [info] > git rev-parse --show-toplevel [3ms]
2026-03-17 10:59:04.991 [info] fatal: not a git repository (or any parent up to mount point /)
Stopping at filesystem boundary (GIT_DISCOVERY_ACROSS_FILESYSTEM not set).
2026-03-17 10:59:05.366 [info] > git rev-parse --show-toplevel [2ms]
2026-03-17 10:59:05.366 [info] fatal: not a git repository (or any parent up to mount point /)
Stopping at filesystem boundary (GIT_DISCOVERY_ACROSS_FILESYSTEM not set).
2026-03-17 10:59:09.363 [info] > git check-ignore -v -z --stdin [2ms]
2026-03-17 10:59:09.380 [info] > git show --textconv :frontend/script.js [2ms]
2026-03-17 10:59:09.380 [info] > git ls-files --stage -- frontend/script.js [0ms]
2026-03-17 10:59:09.382 [info] > git cat-file -s c52bd1829b9d60838c7136d0092c110e6c4398bf [1ms]
2026-03-17 10:59:10.170 [info] > git check-ignore -v -z --stdin [1ms]
2026-03-17 10:59:10.186 [info] > git show --textconv :frontend/index.html [2ms]
2026-03-17 10:59:10.187 [info] > git ls-files --stage -- frontend/index.html [1ms]
2026-03-17 10:59:10.189 [info] > git cat-file -s e0abff52196b796df6d563a96a0f6ce8d447a0dd [1ms]
2026-03-17 10:59:12.518 [info] > git check-ignore -v -z --stdin [0ms]
2026-03-17 10:59:12.534 [info] > git show --textconv :frontend/script.js [1ms]
2026-03-17 10:59:12.535 [info] > git ls-files --stage -- frontend/script.js [1ms]
2026-03-17 10:59:12.537 [info] > git cat-file -s c52bd1829b9d60838c7136d0092c110e6c4398bf [1ms]
2026-03-17 10:59:13.249 [info] > git check-ignore -v -z --stdin [1ms]
2026-03-17 10:59:13.269 [info] > git show --textconv :frontend/style.css [2ms]
2026-03-17 10:59:13.269 [info] > git ls-files --stage -- frontend/style.css [1ms]
2026-03-17 10:59:13.271 [info] > git cat-file -s b7d1df7f7dbb6853181bc5dd29d3fadf17640578 [1ms]
2026-03-17 10:59:16.208 [info] > git check-ignore -v -z --stdin [1ms]
2026-03-17 10:59:16.247 [info] > git show --textconv :README.md [5ms]
2026-03-17 10:59:16.247 [info] > git ls-files --stage -- README.md [1ms]
2026-03-17 10:59:16.284 [info] > git cat-file -s b0855a06cf467128b057d0a809e3eb24773dd0eb [22ms]
2026-03-17 10:59:29.388 [info] > git blame --root --incremental 788206fa3d2f5e76e6c68a235bdb4a0482bfa12a -- README.md [1ms]
