2026-03-17 11:12:09.852 [info] Extension host with pid 21851 started
2026-03-17 11:12:09.852 [error] Error: EEXIST: file already exists, open '/config/data/User/workspaceStorage/527ed0a5/vscode.lock'
2026-03-17 11:12:09.853 [info] Lock '/config/data/User/workspaceStorage/527ed0a5/vscode.lock': Could not acquire lock, checking if the file is stale.
2026-03-17 11:12:09.853 [info] Lock '/config/data/User/workspaceStorage/527ed0a5/vscode.lock': The lock does not look stale, elapsed: 622 ms, giving up.
2026-03-17 11:12:09.863 [info] Lock '/config/data/User/workspaceStorage/527ed0a5-1/vscode.lock': Lock acquired.
2026-03-17 11:12:10.201 [info] ExtensionService#_doActivateExtension vscode.github-authentication, startup: false, activationEvent: 'onAuthenticationRequest:github'
2026-03-17 11:12:10.202 [info] ExtensionService#_doActivateExtension vscode.emmet, startup: false, activationEvent: 'onLanguage'
2026-03-17 11:12:10.202 [info] ExtensionService#_doActivateExtension vscode.html-language-features, startup: false, activationEvent: 'onLanguage:html'
2026-03-17 11:12:10.866 [info] ExtensionService#_doActivateExtension vscode.git-base, startup: true, activationEvent: '*', root cause: vscode.git
2026-03-17 11:12:11.036 [info] ExtensionService#_doActivateExtension vscode.terminal-suggest, startup: false, activationEvent: 'onTerminalShellIntegration:*'
2026-03-17 11:12:11.143 [info] ExtensionService#_doActivateExtension vscode.git, startup: true, activationEvent: '*'
2026-03-17 11:12:11.143 [info] ExtensionService#_doActivateExtension vscode.github, startup: true, activationEvent: '*'
2026-03-17 11:12:11.490 [info] Eager extensions activated
2026-03-17 11:12:11.491 [info] ExtensionService#_doActivateExtension vscode.debug-auto-launch, startup: false, activationEvent: 'onStartupFinished'
2026-03-17 11:12:11.491 [info] ExtensionService#_doActivateExtension vscode.merge-conflict, startup: false, activationEvent: 'onStartupFinished'
2026-03-17 11:13:18.752 [info] ExtensionService#_doActivateExtension vscode.typescript-language-features, startup: false, activationEvent: 'onLanguage:javascript'
2026-03-17 11:13:19.865 [info] ExtensionService#_doActivateExtension vscode.css-language-features, startup: false, activationEvent: 'onLanguage:css'
2026-03-17 11:24:22.342 [info] Extension host terminating: received terminate message from renderer
2026-03-17 11:24:22.342 [info] Lock '/config/data/User/workspaceStorage/527ed0a5-1/vscode.lock': Marking the lockfile as scheduled to be released in 6000 ms.
2026-03-17 11:24:22.369 [error] [vscode.html-language-features] provider FAILED
2026-03-17 11:24:22.369 [error] Error: Starting server failed
	at Ub.$start (/app/code-server/lib/vscode/extensions/html-language-features/client/dist/node/htmlClientMain.js:16:10999)
	at async Ub.sendRequest (/app/code-server/lib/vscode/extensions/html-language-features/client/dist/node/htmlClientMain.js:12:136634)
	at async L4.provideColors (file:///app/code-server/lib/vscode/out/vs/workbench/api/node/extensionHostProcess.js:143:172765)
2026-03-17 11:24:22.376 [info] Extension host with pid 21851 exiting with code 0
