File not found: /app/code-server/lib/vscode/node_modules/vsda/rust/web/vsda_bg.wasm
File not found: /app/code-server/lib/vscode/node_modules/vsda/rust/web/vsda.js
File not found: /app/code-server/lib/vscode/node_modules/vsda/rust/web/vsda_bg.wasm
[10:42:20] RequestStore#acceptReply was called without receiving a matching request 23
[10:42:20] RequestStore#acceptReply was called without receiving a matching request 24
[10:42:20] RequestStore#acceptReply was called without receiving a matching request 25
[10:42:20] RequestStore#acceptReply was called without receiving a matching request 26
[10:42:20] RequestStore#acceptReply was called without receiving a matching request 27
[10:42:20] RequestStore#acceptReply was called without receiving a matching request 28
[10:42:20] RequestStore#acceptReply was called without receiving a matching request 29
[10:42:20] RequestStore#acceptReply was called without receiving a matching request 30
[10:42:20] RequestStore#acceptReply was called without receiving a matching request 31
[10:42:20] RequestStore#acceptReply was called without receiving a matching request 32
[10:42:20] RequestStore#acceptReply was called without receiving a matching request 33
[10:42:29] RequestStore#acceptReply was called without receiving a matching request 34
[10:42:29] RequestStore#acceptReply was called without receiving a matching request 35
[10:42:29] RequestStore#acceptReply was called without receiving a matching request 36
[10:42:29] RequestStore#acceptReply was called without receiving a matching request 37
[10:42:29] RequestStore#acceptReply was called without receiving a matching request 38
[10:42:29] RequestStore#acceptReply was called without receiving a matching request 39
[10:42:29] RequestStore#acceptReply was called without receiving a matching request 40
[10:42:29] RequestStore#acceptReply was called without receiving a matching request 41
[10:42:29] RequestStore#acceptReply was called without receiving a matching request 42
[10:42:29] RequestStore#acceptReply was called without receiving a matching request 43
[10:42:29] RequestStore#acceptReply was called without receiving a matching request 44
File not found: /app/code-server/lib/vscode/node_modules/vsda/rust/web/vsda_bg.wasm
[10:48:02] RequestStore#acceptReply was called without receiving a matching request 45
[10:48:02] RequestStore#acceptReply was called without receiving a matching request 46
[10:48:02] RequestStore#acceptReply was called without receiving a matching request 47
[10:48:02] RequestStore#acceptReply was called without receiving a matching request 48
[10:48:02] RequestStore#acceptReply was called without receiving a matching request 49
[10:48:02] RequestStore#acceptReply was called without receiving a matching request 50
[10:48:02] RequestStore#acceptReply was called without receiving a matching request 51
[10:48:02] RequestStore#acceptReply was called without receiving a matching request 52
[10:48:02] RequestStore#acceptReply was called without receiving a matching request 53
[10:48:02] RequestStore#acceptReply was called without receiving a matching request 54
[10:48:02] RequestStore#acceptReply was called without receiving a matching request 55
File not found: /app/code-server/lib/vscode/node_modules/vsda/rust/web/vsda_bg.wasm
File not found: /app/code-server/lib/vscode/node_modules/vsda/rust/web/vsda_bg.wasm
File not found: /app/code-server/lib/vscode/node_modules/vsda/rust/web/vsda_bg.wasm
[10:58:55] [172.20.0.1][3cdd50c0][ManagementConnection] Unknown reconnection token (seen before).
[10:58:55] [172.20.0.1][a7186cde][ExtensionHostConnection] Unknown reconnection token (seen before).
File not found: /app/code-server/lib/vscode/node_modules/vsda/rust/web/vsda_bg.wasm
File not found: /app/code-server/lib/vscode/node_modules/vsda/rust/web/vsda.js
File not found: /app/code-server/lib/vscode/node_modules/vsda/rust/web/vsda_bg.wasm
[11:50:06] [172.20.0.1][3aaa966e][ManagementConnection] Unknown reconnection token (seen before).
[11:50:06] [172.20.0.1][c9df4c23][ExtensionHostConnection] Unknown reconnection token (seen before).
File not found: /app/code-server/lib/vscode/node_modules/vsda/rust/web/vsda_bg.wasm
File not found: /app/code-server/lib/vscode/node_modules/vsda/rust/web/vsda.js
File not found: /app/code-server/lib/vscode/node_modules/@xterm/addon-ligatures/lib/addon-ligatures.js
File not found: /app/code-server/lib/vscode/node_modules/vsda/rust/web/vsda_bg.wasm
File not found: /app/code-server/lib/vscode/node_modules/vsda/rust/web/vsda.js
File not found: /app/code-server/lib/vscode/node_modules/@xterm/addon-ligatures/lib/addon-ligatures.js
[13:41:42] RequestStore#acceptReply was called without receiving a matching request 155
[13:41:42] RequestStore#acceptReply was called without receiving a matching request 156
[13:41:42] RequestStore#acceptReply was called without receiving a matching request 157
[13:41:42] RequestStore#acceptReply was called without receiving a matching request 158
[13:41:42] RequestStore#acceptReply was called without receiving a matching request 159
[13:41:42] RequestStore#acceptReply was called without receiving a matching request 160
[13:41:42] RequestStore#acceptReply was called without receiving a matching request 161
[13:41:42] RequestStore#acceptReply was called without receiving a matching request 162
[13:41:42] RequestStore#acceptReply was called without receiving a matching request 163
[13:41:42] RequestStore#acceptReply was called without receiving a matching request 164
[13:41:42] RequestStore#acceptReply was called without receiving a matching request 165
[13:41:42] RequestStore#acceptReply was called without receiving a matching request 166
[13:41:42] RequestStore#acceptReply was called without receiving a matching request 167
[13:41:42] RequestStore#acceptReply was called without receiving a matching request 168
[13:41:42] RequestStore#acceptReply was called without receiving a matching request 169
[13:41:42] RequestStore#acceptReply was called without receiving a matching request 170
[13:41:42] RequestStore#acceptReply was called without receiving a matching request 171
[13:41:42] RequestStore#acceptReply was called without receiving a matching request 172
[13:41:42] RequestStore#acceptReply was called without receiving a matching request 173
[13:41:42] RequestStore#acceptReply was called without receiving a matching request 174
[13:41:42] RequestStore#acceptReply was called without receiving a matching request 175
[13:41:42] RequestStore#acceptReply was called without receiving a matching request 176
File not found: /app/code-server/lib/vscode/node_modules/vsda/rust/web/vsda_bg.wasm
[13:46:54] RequestStore#acceptReply was called without receiving a matching request 177
[13:46:54] RequestStore#acceptReply was called without receiving a matching request 178
[13:46:54] RequestStore#acceptReply was called without receiving a matching request 179
[13:46:54] RequestStore#acceptReply was called without receiving a matching request 180
[13:46:54] RequestStore#acceptReply was called without receiving a matching request 181
[13:46:54] RequestStore#acceptReply was called without receiving a matching request 182
[13:46:54] RequestStore#acceptReply was called without receiving a matching request 183
[13:46:54] RequestStore#acceptReply was called without receiving a matching request 184
[13:46:54] RequestStore#acceptReply was called without receiving a matching request 185
[13:46:54] RequestStore#acceptReply was called without receiving a matching request 186
[13:46:54] RequestStore#acceptReply was called without receiving a matching request 187
[13:46:57] RequestStore#acceptReply was called without receiving a matching request 177
[13:46:57] RequestStore#acceptReply was called without receiving a matching request 178
[13:46:57] RequestStore#acceptReply was called without receiving a matching request 179
[13:46:57] RequestStore#acceptReply was called without receiving a matching request 180
[13:46:57] RequestStore#acceptReply was called without receiving a matching request 181
[13:46:57] RequestStore#acceptReply was called without receiving a matching request 182
[13:46:57] RequestStore#acceptReply was called without receiving a matching request 183
[13:46:57] RequestStore#acceptReply was called without receiving a matching request 184
[13:46:57] RequestStore#acceptReply was called without receiving a matching request 185
[13:46:57] RequestStore#acceptReply was called without receiving a matching request 186
[13:46:57] RequestStore#acceptReply was called without receiving a matching request 187
[13:46:57] RequestStore#acceptReply was called without receiving a matching request 188
[13:46:57] RequestStore#acceptReply was called without receiving a matching request 189
[13:46:57] RequestStore#acceptReply was called without receiving a matching request 190
[13:46:57] RequestStore#acceptReply was called without receiving a matching request 191
[13:46:57] RequestStore#acceptReply was called without receiving a matching request 192
[13:46:57] RequestStore#acceptReply was called without receiving a matching request 193
[13:46:57] RequestStore#acceptReply was called without receiving a matching request 194
[13:46:57] RequestStore#acceptReply was called without receiving a matching request 195
[13:46:57] RequestStore#acceptReply was called without receiving a matching request 196
[13:46:57] RequestStore#acceptReply was called without receiving a matching request 197
[13:46:57] RequestStore#acceptReply was called without receiving a matching request 198
[13:46:57] RequestStore#acceptReply was called without receiving a matching request 188
[13:46:57] RequestStore#acceptReply was called without receiving a matching request 189
[13:46:57] RequestStore#acceptReply was called without receiving a matching request 190
[13:46:57] RequestStore#acceptReply was called without receiving a matching request 191
[13:46:57] RequestStore#acceptReply was called without receiving a matching request 192
[13:46:57] RequestStore#acceptReply was called without receiving a matching request 193
[13:46:57] RequestStore#acceptReply was called without receiving a matching request 194
[13:46:57] RequestStore#acceptReply was called without receiving a matching request 195
[13:46:57] RequestStore#acceptReply was called without receiving a matching request 196
[13:46:57] RequestStore#acceptReply was called without receiving a matching request 197
[13:46:57] RequestStore#acceptReply was called without receiving a matching request 198
File not found: /app/code-server/lib/vscode/node_modules/vsda/rust/web/vsda_bg.wasm
[13:47:03] RequestStore#acceptReply was called without receiving a matching request 199
[13:47:03] RequestStore#acceptReply was called without receiving a matching request 200
[13:47:03] RequestStore#acceptReply was called without receiving a matching request 201
[13:47:03] RequestStore#acceptReply was called without receiving a matching request 202
[13:47:03] RequestStore#acceptReply was called without receiving a matching request 203
[13:47:03] RequestStore#acceptReply was called without receiving a matching request 204
[13:47:03] RequestStore#acceptReply was called without receiving a matching request 205
[13:47:03] RequestStore#acceptReply was called without receiving a matching request 206
[13:47:03] RequestStore#acceptReply was called without receiving a matching request 207
[13:47:03] RequestStore#acceptReply was called without receiving a matching request 208
[13:47:03] RequestStore#acceptReply was called without receiving a matching request 209
[13:47:03] RequestStore#acceptReply was called without receiving a matching request 199
[13:47:03] RequestStore#acceptReply was called without receiving a matching request 200
[13:47:03] RequestStore#acceptReply was called without receiving a matching request 201
[13:47:03] RequestStore#acceptReply was called without receiving a matching request 202
[13:47:03] RequestStore#acceptReply was called without receiving a matching request 203
[13:47:03] RequestStore#acceptReply was called without receiving a matching request 204
[13:47:03] RequestStore#acceptReply was called without receiving a matching request 205
[13:47:03] RequestStore#acceptReply was called without receiving a matching request 206
[13:47:03] RequestStore#acceptReply was called without receiving a matching request 207
[13:47:03] RequestStore#acceptReply was called without receiving a matching request 208
[13:47:03] RequestStore#acceptReply was called without receiving a matching request 209
[13:47:07] RequestStore#acceptReply was called without receiving a matching request 210
[13:47:07] RequestStore#acceptReply was called without receiving a matching request 211
[13:47:07] RequestStore#acceptReply was called without receiving a matching request 212
[13:47:07] RequestStore#acceptReply was called without receiving a matching request 213
[13:47:07] RequestStore#acceptReply was called without receiving a matching request 214
[13:47:07] RequestStore#acceptReply was called without receiving a matching request 215
[13:47:07] RequestStore#acceptReply was called without receiving a matching request 216
[13:47:07] RequestStore#acceptReply was called without receiving a matching request 217
[13:47:07] RequestStore#acceptReply was called without receiving a matching request 218
[13:47:07] RequestStore#acceptReply was called without receiving a matching request 219
[13:47:07] RequestStore#acceptReply was called without receiving a matching request 220
File not found: /app/code-server/lib/vscode/node_modules/vsda/rust/web/vsda_bg.wasm
[13:49:00] RequestStore#acceptReply was called without receiving a matching request 221
[13:49:00] RequestStore#acceptReply was called without receiving a matching request 222
[13:49:00] RequestStore#acceptReply was called without receiving a matching request 223
[13:49:00] RequestStore#acceptReply was called without receiving a matching request 224
[13:49:00] RequestStore#acceptReply was called without receiving a matching request 225
[13:49:00] RequestStore#acceptReply was called without receiving a matching request 226
[13:49:00] RequestStore#acceptReply was called without receiving a matching request 227
[13:49:00] RequestStore#acceptReply was called without receiving a matching request 228
[13:49:00] RequestStore#acceptReply was called without receiving a matching request 229
[13:49:00] RequestStore#acceptReply was called without receiving a matching request 230
[13:49:00] RequestStore#acceptReply was called without receiving a matching request 231
[13:49:03] RequestStore#acceptReply was called without receiving a matching request 232
[13:49:03] RequestStore#acceptReply was called without receiving a matching request 233
[13:49:03] RequestStore#acceptReply was called without receiving a matching request 234
[13:49:03] RequestStore#acceptReply was called without receiving a matching request 235
[13:49:03] RequestStore#acceptReply was called without receiving a matching request 236
[13:49:03] RequestStore#acceptReply was called without receiving a matching request 237
[13:49:03] RequestStore#acceptReply was called without receiving a matching request 238
[13:49:03] RequestStore#acceptReply was called without receiving a matching request 239
[13:49:03] RequestStore#acceptReply was called without receiving a matching request 240
[13:49:03] RequestStore#acceptReply was called without receiving a matching request 241
[13:49:03] RequestStore#acceptReply was called without receiving a matching request 242
[13:49:03] RequestStore#acceptReply was called without receiving a matching request 221
[13:49:03] RequestStore#acceptReply was called without receiving a matching request 222
[13:49:03] RequestStore#acceptReply was called without receiving a matching request 223
[13:49:03] RequestStore#acceptReply was called without receiving a matching request 224
[13:49:03] RequestStore#acceptReply was called without receiving a matching request 225
[13:49:03] RequestStore#acceptReply was called without receiving a matching request 226
[13:49:03] RequestStore#acceptReply was called without receiving a matching request 227
[13:49:03] RequestStore#acceptReply was called without receiving a matching request 228
[13:49:03] RequestStore#acceptReply was called without receiving a matching request 229
[13:49:03] RequestStore#acceptReply was called without receiving a matching request 230
[13:49:03] RequestStore#acceptReply was called without receiving a matching request 231
[13:49:03] RequestStore#acceptReply was called without receiving a matching request 232
[13:49:03] RequestStore#acceptReply was called without receiving a matching request 233
[13:49:03] RequestStore#acceptReply was called without receiving a matching request 234
[13:49:03] RequestStore#acceptReply was called without receiving a matching request 235
[13:49:03] RequestStore#acceptReply was called without receiving a matching request 236
[13:49:03] RequestStore#acceptReply was called without receiving a matching request 237
[13:49:03] RequestStore#acceptReply was called without receiving a matching request 238
[13:49:03] RequestStore#acceptReply was called without receiving a matching request 239
[13:49:03] RequestStore#acceptReply was called without receiving a matching request 240
[13:49:03] RequestStore#acceptReply was called without receiving a matching request 241
[13:49:03] RequestStore#acceptReply was called without receiving a matching request 242
File not found: /app/code-server/lib/vscode/node_modules/vsda/rust/web/vsda_bg.wasm
[13:49:22] RequestStore#acceptReply was called without receiving a matching request 243
[13:49:22] RequestStore#acceptReply was called without receiving a matching request 244
[13:49:22] RequestStore#acceptReply was called without receiving a matching request 245
[13:49:22] RequestStore#acceptReply was called without receiving a matching request 246
[13:49:22] RequestStore#acceptReply was called without receiving a matching request 247
[13:49:22] RequestStore#acceptReply was called without receiving a matching request 248
[13:49:22] RequestStore#acceptReply was called without receiving a matching request 249
[13:49:22] RequestStore#acceptReply was called without receiving a matching request 250
[13:49:22] RequestStore#acceptReply was called without receiving a matching request 251
[13:49:22] RequestStore#acceptReply was called without receiving a matching request 252
[13:49:22] RequestStore#acceptReply was called without receiving a matching request 253
[13:49:25] RequestStore#acceptReply was called without receiving a matching request 254
[13:49:25] RequestStore#acceptReply was called without receiving a matching request 255
[13:49:25] RequestStore#acceptReply was called without receiving a matching request 256
[13:49:25] RequestStore#acceptReply was called without receiving a matching request 257
[13:49:25] RequestStore#acceptReply was called without receiving a matching request 258
[13:49:25] RequestStore#acceptReply was called without receiving a matching request 259
[13:49:25] RequestStore#acceptReply was called without receiving a matching request 260
[13:49:25] RequestStore#acceptReply was called without receiving a matching request 261
[13:49:25] RequestStore#acceptReply was called without receiving a matching request 262
[13:49:25] RequestStore#acceptReply was called without receiving a matching request 263
[13:49:25] RequestStore#acceptReply was called without receiving a matching request 264
File not found: /app/code-server/lib/vscode/node_modules/vsda/rust/web/vsda_bg.wasm
[13:51:31] RequestStore#acceptReply was called without receiving a matching request 265
[13:51:31] RequestStore#acceptReply was called without receiving a matching request 266
[13:51:31] RequestStore#acceptReply was called without receiving a matching request 267
[13:51:31] RequestStore#acceptReply was called without receiving a matching request 268
[13:51:31] RequestStore#acceptReply was called without receiving a matching request 269
[13:51:31] RequestStore#acceptReply was called without receiving a matching request 270
[13:51:31] RequestStore#acceptReply was called without receiving a matching request 271
[13:51:31] RequestStore#acceptReply was called without receiving a matching request 272
[13:51:31] RequestStore#acceptReply was called without receiving a matching request 273
[13:51:31] RequestStore#acceptReply was called without receiving a matching request 274
[13:51:31] RequestStore#acceptReply was called without receiving a matching request 275
[13:51:31] RequestStore#acceptReply was called without receiving a matching request 276
[13:51:31] RequestStore#acceptReply was called without receiving a matching request 277
[13:51:31] RequestStore#acceptReply was called without receiving a matching request 278
[13:51:31] RequestStore#acceptReply was called without receiving a matching request 279
[13:51:31] RequestStore#acceptReply was called without receiving a matching request 280
[13:51:31] RequestStore#acceptReply was called without receiving a matching request 281
[13:51:31] RequestStore#acceptReply was called without receiving a matching request 282
[13:51:31] RequestStore#acceptReply was called without receiving a matching request 283
[13:51:31] RequestStore#acceptReply was called without receiving a matching request 284
[13:51:31] RequestStore#acceptReply was called without receiving a matching request 285
[13:51:31] RequestStore#acceptReply was called without receiving a matching request 286
[13:51:35] RequestStore#acceptReply was called without receiving a matching request 287
[13:51:35] RequestStore#acceptReply was called without receiving a matching request 288
[13:51:35] RequestStore#acceptReply was called without receiving a matching request 289
[13:51:35] RequestStore#acceptReply was called without receiving a matching request 290
[13:51:35] RequestStore#acceptReply was called without receiving a matching request 291
[13:51:35] RequestStore#acceptReply was called without receiving a matching request 292
[13:51:35] RequestStore#acceptReply was called without receiving a matching request 293
[13:51:35] RequestStore#acceptReply was called without receiving a matching request 294
[13:51:35] RequestStore#acceptReply was called without receiving a matching request 295
[13:51:35] RequestStore#acceptReply was called without receiving a matching request 296
[13:51:35] RequestStore#acceptReply was called without receiving a matching request 297
File not found: /app/code-server/lib/vscode/node_modules/vsda/rust/web/vsda_bg.wasm
File not found: /app/code-server/lib/vscode/node_modules/vsda/rust/web/vsda.js
File not found: /app/code-server/lib/vscode/node_modules/vsda/rust/web/vsda_bg.wasm
[14:59:14] RequestStore#acceptReply was called without receiving a matching request 331
[14:59:14] RequestStore#acceptReply was called without receiving a matching request 332
[14:59:14] RequestStore#acceptReply was called without receiving a matching request 333
[14:59:14] RequestStore#acceptReply was called without receiving a matching request 334
[14:59:14] RequestStore#acceptReply was called without receiving a matching request 335
[14:59:14] RequestStore#acceptReply was called without receiving a matching request 336
[14:59:14] RequestStore#acceptReply was called without receiving a matching request 337
[14:59:14] RequestStore#acceptReply was called without receiving a matching request 338
[14:59:14] RequestStore#acceptReply was called without receiving a matching request 339
[14:59:14] RequestStore#acceptReply was called without receiving a matching request 340
[14:59:14] RequestStore#acceptReply was called without receiving a matching request 341
[14:59:14] RequestStore#acceptReply was called without receiving a matching request 342
[14:59:14] RequestStore#acceptReply was called without receiving a matching request 343
[14:59:14] RequestStore#acceptReply was called without receiving a matching request 344
[14:59:14] RequestStore#acceptReply was called without receiving a matching request 345
[14:59:14] RequestStore#acceptReply was called without receiving a matching request 346
[14:59:14] RequestStore#acceptReply was called without receiving a matching request 347
[14:59:14] RequestStore#acceptReply was called without receiving a matching request 348
[14:59:14] RequestStore#acceptReply was called without receiving a matching request 349
[14:59:14] RequestStore#acceptReply was called without receiving a matching request 350
[14:59:14] RequestStore#acceptReply was called without receiving a matching request 351
[14:59:14] RequestStore#acceptReply was called without receiving a matching request 352
File not found: /app/code-server/lib/vscode/node_modules/vsda/rust/web/vsda_bg.wasm
a socket was left hanging
a socket was left hanging
a socket was left hanging
a socket was left hanging
a socket was left hanging
a socket was left hanging
a socket was left hanging
a socket was left hanging
a socket was left hanging
a socket was left hanging
a socket was left hanging
a socket was left hanging
a socket was left hanging
a socket was left hanging
a socket was left hanging
a socket was left hanging
a socket was left hanging
a socket was left hanging
a socket was left hanging
a socket was left hanging
