2026-03-17 13:39:57.626 [info] Extension host with pid 53740 started
2026-03-17 13:39:57.626 [error] Error: EEXIST: file already exists, open '/config/data/User/workspaceStorage/527ed0a5/vscode.lock'
2026-03-17 13:39:57.627 [info] Lock '/config/data/User/workspaceStorage/527ed0a5/vscode.lock': Could not acquire lock, checking if the file is stale.
2026-03-17 13:39:57.628 [info] Lock '/config/data/User/workspaceStorage/527ed0a5/vscode.lock': The lock does not look stale, elapsed: 663 ms, giving up.
2026-03-17 13:39:57.660 [info] Lock '/config/data/User/workspaceStorage/527ed0a5-1/vscode.lock': Lock acquired.
2026-03-17 13:39:57.970 [info] ExtensionService#_doActivateExtension vscode.github-authentication, startup: false, activationEvent: 'onAuthenticationRequest:github'
2026-03-17 13:39:57.970 [info] ExtensionService#_doActivateExtension vscode.emmet, startup: false, activationEvent: 'onLanguage'
2026-03-17 13:39:57.971 [info] ExtensionService#_doActivateExtension vscode.extension-editing, startup: false, activationEvent: 'onLanguage:markdown'
2026-03-17 13:39:57.971 [info] ExtensionService#_doActivateExtension vscode.markdown-language-features, startup: false, activationEvent: 'onLanguage:markdown'
2026-03-17 13:39:58.531 [info] ExtensionService#_doActivateExtension vscode.git-base, startup: true, activationEvent: '*', root cause: vscode.git
2026-03-17 13:39:58.691 [info] ExtensionService#_doActivateExtension vscode.git, startup: true, activationEvent: '*'
2026-03-17 13:39:58.691 [info] ExtensionService#_doActivateExtension vscode.github, startup: true, activationEvent: '*'
2026-03-17 13:39:58.840 [info] ExtensionService#_doActivateExtension vscode.markdown-math, startup: false, activationEvent: 'api', root cause: vscode.markdown-language-features
2026-03-17 13:39:59.093 [info] Eager extensions activated
2026-03-17 13:39:59.093 [info] ExtensionService#_doActivateExtension vscode.debug-auto-launch, startup: false, activationEvent: 'onStartupFinished'
2026-03-17 13:39:59.099 [info] ExtensionService#_doActivateExtension vscode.merge-conflict, startup: false, activationEvent: 'onStartupFinished'
2026-03-17 13:40:01.891 [info] ExtensionService#_doActivateExtension vscode.terminal-suggest, startup: false, activationEvent: 'onTerminalShellIntegration:*'
2026-03-17 14:55:59.732 [info] Extension host terminating: renderer disconnected for too long (2)
2026-03-17 14:55:59.732 [info] Lock '/config/data/User/workspaceStorage/527ed0a5-1/vscode.lock': Marking the lockfile as scheduled to be released in 6000 ms.
2026-03-17 14:55:59.753 [info] Extension host with pid 53740 exiting with code 0
