2026-03-17 10:50:15.834 [info] Extension host with pid 7484 started
2026-03-17 10:50:15.838 [info] Lock '/config/data/User/workspaceStorage/527ed0a5/vscode.lock': Lock acquired.
2026-03-17 10:50:16.182 [info] ExtensionService#_doActivateExtension vscode.github-authentication, startup: false, activationEvent: 'onAuthenticationRequest:github'
2026-03-17 10:50:16.183 [info] ExtensionService#_doActivateExtension vscode.emmet, startup: false, activationEvent: 'onLanguage'
2026-03-17 10:50:16.506 [info] ExtensionService#_doActivateExtension vscode.git-base, startup: true, activationEvent: '*', root cause: vscode.git
2026-03-17 10:50:16.783 [info] ExtensionService#_doActivateExtension vscode.git, startup: true, activationEvent: '*'
2026-03-17 10:50:16.783 [info] ExtensionService#_doActivateExtension vscode.github, startup: true, activationEvent: '*'
2026-03-17 10:50:17.120 [info] Eager extensions activated
2026-03-17 10:50:17.120 [info] ExtensionService#_doActivateExtension vscode.debug-auto-launch, startup: false, activationEvent: 'onStartupFinished'
2026-03-17 10:50:17.120 [info] ExtensionService#_doActivateExtension vscode.merge-conflict, startup: false, activationEvent: 'onStartupFinished'
2026-03-17 10:58:10.107 [info] ExtensionService#_doActivateExtension vscode.terminal-suggest, startup: false, activationEvent: 'onTerminalShellIntegration:*'
2026-03-17 10:58:40.887 [info] ExtensionService#_doActivateExtension vscode.html-language-features, startup: false, activationEvent: 'onLanguage:html'
2026-03-17 10:58:51.605 [info] Extension host terminating: received terminate message from renderer
2026-03-17 10:58:51.605 [info] Lock '/config/data/User/workspaceStorage/527ed0a5/vscode.lock': Marking the lockfile as scheduled to be released in 6000 ms.
2026-03-17 10:58:51.627 [error] [vscode.html-language-features] provider FAILED
2026-03-17 10:58:51.627 [error] Error: Starting server failed
	at Ub.$start (/app/code-server/lib/vscode/extensions/html-language-features/client/dist/node/htmlClientMain.js:16:10999)
	at async Ub.sendRequest (/app/code-server/lib/vscode/extensions/html-language-features/client/dist/node/htmlClientMain.js:12:136634)
	at async L4.provideColors (file:///app/code-server/lib/vscode/out/vs/workbench/api/node/extensionHostProcess.js:143:172765)
2026-03-17 10:58:51.631 [info] Extension host with pid 7484 exiting with code 0
