2026-03-17 13:51:34.854 [info] [main] Log level: Info
2026-03-17 13:51:34.854 [info] [main] Validating found git in: "git"
2026-03-17 13:51:34.854 [info] [main] Using git "2.43.0" from "git"
2026-03-17 13:51:34.854 [info] [Model][doInitialScan] Initial repository scan started
2026-03-17 13:51:34.854 [info] > git rev-parse --show-toplevel [1ms]
2026-03-17 13:51:34.854 [info] fatal: not a git repository (or any parent up to mount point /)
Stopping at filesystem boundary (GIT_DISCOVERY_ACROSS_FILESYSTEM not set).
2026-03-17 13:51:34.854 [info] > git rev-parse --show-toplevel [0ms]
2026-03-17 13:51:34.854 [info] > git rev-parse --git-dir --git-common-dir --show-superproject-working-tree [2ms]
2026-03-17 13:51:34.893 [info] [Model][openRepository] Opened repository (path): /config/workspace/myhomecloud
2026-03-17 13:51:34.893 [info] [Model][openRepository] Opened repository (real path): /config/workspace/myhomecloud
2026-03-17 13:51:34.893 [info] [Model][openRepository] Opened repository (kind): repository
2026-03-17 13:51:34.896 [info] [Model][doInitialScan] Initial repository scan completed - repositories (1), closed repositories (0), parent repositories (0), unsafe repositories (0)
2026-03-17 13:51:34.900 [info] > git config --get commit.template [3ms]
2026-03-17 13:51:34.900 [info] > git for-each-ref --format=%(refname)%00%(upstream:short)%00%(objectname)%00%(upstream:track)%00%(upstream:remotename)%00%(upstream:remoteref) refs/heads/main refs/remotes/main [1ms]
2026-03-17 13:51:34.902 [warning] [Git][revParse] Unable to read file: ENOENT: no such file or directory, open '/config/workspace/myhomecloud/.git/refs/remotes/origin/main'
2026-03-17 13:51:34.903 [info] > git rev-parse refs/remotes/origin/main [1ms]
2026-03-17 13:51:34.906 [info] > git status -z -uall [2ms]
2026-03-17 13:51:34.907 [info] > git for-each-ref --sort -committerdate --format %(refname)%00%(objectname)%00%(*objectname) [1ms]
2026-03-17 13:51:34.923 [info] > git for-each-ref --format=%(refname)%00%(upstream:short)%00%(objectname)%00%(upstream:track)%00%(upstream:remotename)%00%(upstream:remoteref) refs/heads/main refs/remotes/main [3ms]
2026-03-17 13:51:34.925 [info] > git config --get commit.template [2ms]
2026-03-17 13:51:34.926 [info] > git config --get --local branch.main.vscode-merge-base [1ms]
2026-03-17 13:51:34.929 [info] > git for-each-ref --format=%(refname)%00%(upstream:short)%00%(objectname)%00%(upstream:track)%00%(upstream:remotename)%00%(upstream:remoteref) refs/heads/origin/main refs/remotes/origin/main [2ms]
2026-03-17 13:51:34.931 [info] > git for-each-ref --format=%(refname)%00%(upstream:short)%00%(objectname)%00%(upstream:track)%00%(upstream:remotename)%00%(upstream:remoteref) refs/heads/main refs/remotes/main [3ms]
2026-03-17 13:51:34.931 [info] > git merge-base refs/heads/main refs/remotes/origin/main [1ms]
2026-03-17 13:51:34.934 [warning] [Git][revParse] Unable to read file: ENOENT: no such file or directory, open '/config/workspace/myhomecloud/.git/refs/remotes/origin/main'
2026-03-17 13:51:34.935 [info] > git diff --raw --numstat --diff-filter=ADMR -z --find-renames=50% 788206fa3d2f5e76e6c68a235bdb4a0482bfa12a...refs/remotes/origin/main -- [2ms]
2026-03-17 13:51:34.935 [info] > git rev-parse refs/remotes/origin/main [1ms]
2026-03-17 13:51:34.938 [info] > git status -z -uall [2ms]
2026-03-17 13:51:34.938 [info] > git for-each-ref --sort -committerdate --format %(refname)%00%(objectname)%00%(*objectname) [1ms]
2026-03-17 13:51:35.500 [info] > git check-ignore -v -z --stdin [1ms]
2026-03-17 13:51:39.128 [info] > git check-ignore -v -z --stdin [1ms]
2026-03-17 13:51:41.433 [info] > git check-ignore -v -z --stdin [1ms]
2026-03-17 13:51:42.482 [info] > git check-ignore -v -z --stdin [0ms]
2026-03-17 13:51:42.576 [info] > git show --textconv :docker/portal/docker-compose.yml [1ms]
2026-03-17 13:51:42.577 [info] > git ls-files --stage -- docker/portal/docker-compose.yml [1ms]
2026-03-17 13:51:42.579 [info] > git cat-file -s caf5d63d4ebfb1ff8712ca0915f8d18f103828e5 [1ms]
2026-03-17 13:51:45.682 [info] > git check-ignore -v -z --stdin [1ms]
2026-03-17 13:51:46.427 [info] > git check-ignore -v -z --stdin [1ms]
2026-03-17 13:51:46.521 [info] > git show --textconv :frontend/index.html [2ms]
2026-03-17 13:51:46.521 [info] > git ls-files --stage -- frontend/index.html [0ms]
2026-03-17 13:51:46.523 [info] > git cat-file -s e0abff52196b796df6d563a96a0f6ce8d447a0dd [0ms]
2026-03-17 13:51:47.578 [info] > git check-ignore -v -z --stdin [2ms]
2026-03-17 13:51:47.963 [info] > git check-ignore -v -z --stdin [3ms]
2026-03-17 13:51:48.058 [info] > git show --textconv :frontend/style.css [3ms]
2026-03-17 13:51:48.058 [info] > git ls-files --stage -- frontend/style.css [1ms]
2026-03-17 13:51:48.060 [info] > git cat-file -s b7d1df7f7dbb6853181bc5dd29d3fadf17640578 [0ms]
2026-03-17 13:51:48.519 [info] > git check-ignore -v -z --stdin [1ms]
2026-03-17 13:51:48.611 [info] > git show --textconv :frontend/script.js [1ms]
2026-03-17 13:51:48.612 [info] > git ls-files --stage -- frontend/script.js [1ms]
2026-03-17 13:51:48.614 [info] > git cat-file -s c52bd1829b9d60838c7136d0092c110e6c4398bf [1ms]
2026-03-17 13:51:49.042 [info] > git check-ignore -v -z --stdin [1ms]
2026-03-17 13:51:49.134 [info] > git show --textconv :frontend/index.html [1ms]
2026-03-17 13:51:49.135 [info] > git ls-files --stage -- frontend/index.html [1ms]
2026-03-17 13:51:49.137 [info] > git cat-file -s e0abff52196b796df6d563a96a0f6ce8d447a0dd [0ms]
2026-03-17 13:51:51.264 [info] > git check-ignore -v -z --stdin [0ms]
2026-03-17 13:51:51.357 [info] > git show --textconv :docker/portal/docker-compose.yml [2ms]
2026-03-17 13:51:51.357 [info] > git ls-files --stage -- docker/portal/docker-compose.yml [0ms]
2026-03-17 13:51:51.360 [info] > git cat-file -s caf5d63d4ebfb1ff8712ca0915f8d18f103828e5 [1ms]
2026-03-17 13:51:52.196 [info] > git check-ignore -v -z --stdin [1ms]
2026-03-17 13:51:52.290 [info] > git show --textconv :frontend/index.html [2ms]
2026-03-17 13:51:52.290 [info] > git ls-files --stage -- frontend/index.html [1ms]
2026-03-17 13:51:52.292 [info] > git cat-file -s e0abff52196b796df6d563a96a0f6ce8d447a0dd [1ms]
2026-03-17 13:51:52.809 [info] > git check-ignore -v -z --stdin [0ms]
2026-03-17 13:51:52.903 [info] > git show --textconv :frontend/script.js [1ms]
2026-03-17 13:51:52.904 [info] > git ls-files --stage -- frontend/script.js [1ms]
2026-03-17 13:51:52.906 [info] > git cat-file -s c52bd1829b9d60838c7136d0092c110e6c4398bf [1ms]
2026-03-17 13:51:53.776 [info] > git check-ignore -v -z --stdin [1ms]
2026-03-17 13:51:53.869 [info] > git show --textconv :frontend/style.css [1ms]
2026-03-17 13:51:53.870 [info] > git ls-files --stage -- frontend/style.css [1ms]
2026-03-17 13:51:53.872 [info] > git cat-file -s b7d1df7f7dbb6853181bc5dd29d3fadf17640578 [1ms]
2026-03-17 13:51:54.332 [info] > git check-ignore -v -z --stdin [1ms]
2026-03-17 13:51:54.424 [info] > git show --textconv :frontend/script.js [1ms]
2026-03-17 13:51:54.425 [info] > git ls-files --stage -- frontend/script.js [1ms]
2026-03-17 13:51:54.427 [info] > git cat-file -s c52bd1829b9d60838c7136d0092c110e6c4398bf [1ms]
2026-03-17 13:51:54.900 [info] > git check-ignore -v -z --stdin [1ms]
2026-03-17 13:51:54.994 [info] > git show --textconv :frontend/index.html [1ms]
2026-03-17 13:51:54.995 [info] > git ls-files --stage -- frontend/index.html [1ms]
2026-03-17 13:51:54.996 [info] > git cat-file -s e0abff52196b796df6d563a96a0f6ce8d447a0dd [0ms]
2026-03-17 13:51:55.707 [info] > git check-ignore -v -z --stdin [0ms]
2026-03-17 13:51:55.799 [info] > git show --textconv :docker/portal/docker-compose.yml [2ms]
2026-03-17 13:51:55.799 [info] > git ls-files --stage -- docker/portal/docker-compose.yml [0ms]
2026-03-17 13:51:55.801 [info] > git cat-file -s caf5d63d4ebfb1ff8712ca0915f8d18f103828e5 [0ms]
2026-03-17 13:51:56.387 [info] > git check-ignore -v -z --stdin [1ms]
2026-03-17 13:51:56.486 [info] > git show --textconv :frontend/index.html [2ms]
2026-03-17 13:51:56.487 [info] > git ls-files --stage -- frontend/index.html [1ms]
2026-03-17 13:51:56.489 [info] > git cat-file -s e0abff52196b796df6d563a96a0f6ce8d447a0dd [1ms]
2026-03-17 13:51:57.013 [info] > git check-ignore -v -z --stdin [1ms]
2026-03-17 13:51:57.106 [info] > git show --textconv :frontend/script.js [2ms]
2026-03-17 13:51:57.107 [info] > git ls-files --stage -- frontend/script.js [1ms]
2026-03-17 13:51:57.109 [info] > git cat-file -s c52bd1829b9d60838c7136d0092c110e6c4398bf [1ms]
2026-03-17 13:51:57.519 [info] > git check-ignore -v -z --stdin [0ms]
2026-03-17 13:51:57.616 [info] > git show --textconv :frontend/style.css [2ms]
2026-03-17 13:51:57.616 [info] > git ls-files --stage -- frontend/style.css [1ms]
2026-03-17 13:51:57.618 [info] > git cat-file -s b7d1df7f7dbb6853181bc5dd29d3fadf17640578 [1ms]
2026-03-17 13:51:57.932 [info] > git check-ignore -v -z --stdin [1ms]
2026-03-17 13:51:58.026 [info] > git show --textconv :frontend/script.js [1ms]
2026-03-17 13:51:58.026 [info] > git ls-files --stage -- frontend/script.js [0ms]
2026-03-17 13:51:58.028 [info] > git cat-file -s c52bd1829b9d60838c7136d0092c110e6c4398bf [1ms]
2026-03-17 13:51:58.406 [info] > git check-ignore -v -z --stdin [1ms]
2026-03-17 13:51:58.507 [info] > git show --textconv :frontend/index.html [1ms]
2026-03-17 13:51:58.508 [info] > git ls-files --stage -- frontend/index.html [1ms]
2026-03-17 13:51:58.510 [info] > git cat-file -s e0abff52196b796df6d563a96a0f6ce8d447a0dd [1ms]
2026-03-17 13:51:59.010 [info] > git check-ignore -v -z --stdin [1ms]
2026-03-17 13:51:59.102 [info] > git show --textconv :docker/portal/docker-compose.yml [2ms]
2026-03-17 13:51:59.102 [info] > git ls-files --stage -- docker/portal/docker-compose.yml [0ms]
2026-03-17 13:51:59.104 [info] > git cat-file -s caf5d63d4ebfb1ff8712ca0915f8d18f103828e5 [0ms]
2026-03-17 13:52:09.511 [info] > git check-ignore -v -z --stdin [1ms]
2026-03-17 13:52:09.609 [info] > git show --textconv :frontend/index.html [2ms]
2026-03-17 13:52:09.609 [info] > git ls-files --stage -- frontend/index.html [0ms]
2026-03-17 13:52:09.611 [info] > git cat-file -s e0abff52196b796df6d563a96a0f6ce8d447a0dd [1ms]
2026-03-17 13:52:10.358 [info] > git check-ignore -v -z --stdin [0ms]
2026-03-17 13:52:10.451 [info] > git show --textconv :frontend/script.js [2ms]
2026-03-17 13:52:10.452 [info] > git ls-files --stage -- frontend/script.js [1ms]
2026-03-17 13:52:10.454 [info] > git cat-file -s c52bd1829b9d60838c7136d0092c110e6c4398bf [1ms]
2026-03-17 13:52:12.182 [info] > git check-ignore -v -z --stdin [1ms]
2026-03-17 13:52:12.275 [info] > git show --textconv :frontend/style.css [1ms]
2026-03-17 13:52:12.276 [info] > git ls-files --stage -- frontend/style.css [1ms]
2026-03-17 13:52:12.278 [info] > git cat-file -s b7d1df7f7dbb6853181bc5dd29d3fadf17640578 [1ms]
2026-03-17 13:52:12.806 [info] > git check-ignore -v -z --stdin [1ms]
2026-03-17 13:52:12.900 [info] > git show --textconv :frontend/script.js [2ms]
2026-03-17 13:52:12.900 [info] > git ls-files --stage -- frontend/script.js [1ms]
2026-03-17 13:52:12.903 [info] > git cat-file -s c52bd1829b9d60838c7136d0092c110e6c4398bf [1ms]
2026-03-17 13:52:13.289 [info] > git check-ignore -v -z --stdin [1ms]
2026-03-17 13:52:13.388 [info] > git show --textconv :frontend/index.html [2ms]
2026-03-17 13:52:13.389 [info] > git ls-files --stage -- frontend/index.html [1ms]
2026-03-17 13:52:13.391 [info] > git cat-file -s e0abff52196b796df6d563a96a0f6ce8d447a0dd [1ms]
2026-03-17 13:52:13.791 [info] > git check-ignore -v -z --stdin [1ms]
2026-03-17 13:52:13.886 [info] > git show --textconv :docker/portal/docker-compose.yml [2ms]
2026-03-17 13:52:13.887 [info] > git ls-files --stage -- docker/portal/docker-compose.yml [1ms]
2026-03-17 13:52:13.889 [info] > git cat-file -s caf5d63d4ebfb1ff8712ca0915f8d18f103828e5 [1ms]
2026-03-17 13:53:12.225 [info] > git check-ignore -v -z --stdin [1ms]
2026-03-17 13:53:12.318 [info] > git show --textconv :frontend/index.html [2ms]
2026-03-17 13:53:12.318 [info] > git ls-files --stage -- frontend/index.html [1ms]
2026-03-17 13:53:12.320 [info] > git cat-file -s e0abff52196b796df6d563a96a0f6ce8d447a0dd [1ms]
2026-03-17 13:53:20.205 [info] > git check-ignore -v -z --stdin [0ms]
2026-03-17 13:53:20.297 [info] > git show --textconv :frontend/script.js [2ms]
2026-03-17 13:53:20.297 [info] > git ls-files --stage -- frontend/script.js [1ms]
2026-03-17 13:53:20.299 [info] > git cat-file -s c52bd1829b9d60838c7136d0092c110e6c4398bf [1ms]
2026-03-17 13:53:23.339 [info] > git check-ignore -v -z --stdin [1ms]
2026-03-17 13:53:23.432 [info] > git show --textconv :frontend/style.css [2ms]
2026-03-17 13:53:23.432 [info] > git ls-files --stage -- frontend/style.css [0ms]
2026-03-17 13:53:23.434 [info] > git cat-file -s b7d1df7f7dbb6853181bc5dd29d3fadf17640578 [0ms]
2026-03-17 13:53:34.798 [info] > git check-ignore -v -z --stdin [1ms]
2026-03-17 13:53:34.891 [info] > git show --textconv :frontend/index.html [2ms]
2026-03-17 13:53:34.891 [info] > git ls-files --stage -- frontend/index.html [1ms]
2026-03-17 13:53:34.893 [info] > git cat-file -s e0abff52196b796df6d563a96a0f6ce8d447a0dd [0ms]
2026-03-17 13:53:35.548 [info] > git check-ignore -v -z --stdin [1ms]
2026-03-17 13:53:35.642 [info] > git show --textconv :docker/portal/docker-compose.yml [1ms]
2026-03-17 13:53:35.643 [info] > git ls-files --stage -- docker/portal/docker-compose.yml [1ms]
2026-03-17 13:53:35.645 [info] > git cat-file -s caf5d63d4ebfb1ff8712ca0915f8d18f103828e5 [1ms]
2026-03-17 13:53:36.332 [info] > git check-ignore -v -z --stdin [1ms]
2026-03-17 13:53:36.425 [info] > git show --textconv :frontend/index.html [2ms]
2026-03-17 13:53:36.425 [info] > git ls-files --stage -- frontend/index.html [0ms]
2026-03-17 13:53:36.427 [info] > git cat-file -s e0abff52196b796df6d563a96a0f6ce8d447a0dd [1ms]
