2026-03-17 14:59:10.713 [info] Extension host with pid 128980 started
2026-03-17 14:59:10.718 [info] Lock '/config/data/User/workspaceStorage/527ed0a5/vscode.lock': Lock acquired.
2026-03-17 14:59:10.910 [info] ExtensionService#_doActivateExtension vscode.github-authentication, startup: false, activationEvent: 'onAuthenticationRequest:github'
2026-03-17 14:59:10.911 [info] ExtensionService#_doActivateExtension vscode.emmet, startup: false, activationEvent: 'onLanguage'
2026-03-17 14:59:10.911 [info] ExtensionService#_doActivateExtension vscode.html-language-features, startup: false, activationEvent: 'onLanguage:html'
2026-03-17 14:59:11.429 [info] ExtensionService#_doActivateExtension vscode.git-base, startup: true, activationEvent: '*', root cause: vscode.git
2026-03-17 14:59:11.570 [info] ExtensionService#_doActivateExtension vscode.git, startup: true, activationEvent: '*'
2026-03-17 14:59:11.570 [info] ExtensionService#_doActivateExtension vscode.github, startup: true, activationEvent: '*'
2026-03-17 14:59:11.843 [info] Eager extensions activated
2026-03-17 14:59:11.843 [info] ExtensionService#_doActivateExtension vscode.debug-auto-launch, startup: false, activationEvent: 'onStartupFinished'
2026-03-17 14:59:11.843 [info] ExtensionService#_doActivateExtension vscode.merge-conflict, startup: false, activationEvent: 'onStartupFinished'
2026-03-17 14:59:12.229 [info] ExtensionService#_doActivateExtension vscode.terminal-suggest, startup: false, activationEvent: 'onTerminalShellIntegration:*'
2026-03-17 14:59:16.489 [info] Extension host terminating: received terminate message from renderer
2026-03-17 14:59:16.489 [info] Lock '/config/data/User/workspaceStorage/527ed0a5/vscode.lock': Marking the lockfile as scheduled to be released in 6000 ms.
2026-03-17 14:59:16.502 [error] [vscode.html-language-features] provider FAILED
2026-03-17 14:59:16.502 [error] Error: Starting server failed
	at Ub.$start (/app/code-server/lib/vscode/extensions/html-language-features/client/dist/node/htmlClientMain.js:16:10999)
	at async Ub.sendRequest (/app/code-server/lib/vscode/extensions/html-language-features/client/dist/node/htmlClientMain.js:12:136634)
	at async L4.provideColors (file:///app/code-server/lib/vscode/out/vs/workbench/api/node/extensionHostProcess.js:143:172765)
2026-03-17 14:59:16.504 [info] Extension host with pid 128980 exiting with code 0
