2026-03-17 13:49:02.582 [info] [main] Log level: Info
2026-03-17 13:49:02.582 [info] [main] Validating found git in: "git"
2026-03-17 13:49:02.582 [info] [main] Using git "2.43.0" from "git"
2026-03-17 13:49:02.582 [info] [Model][doInitialScan] Initial repository scan started
2026-03-17 13:49:02.582 [info] > git rev-parse --show-toplevel [2ms]
2026-03-17 13:49:02.582 [info] fatal: not a git repository (or any parent up to mount point /)
Stopping at filesystem boundary (GIT_DISCOVERY_ACROSS_FILESYSTEM not set).
2026-03-17 13:49:02.582 [info] > git rev-parse --show-toplevel [11ms]
2026-03-17 13:49:02.582 [info] > git rev-parse --git-dir --git-common-dir --show-superproject-working-tree [7ms]
2026-03-17 13:49:02.672 [info] [Model][openRepository] Opened repository (path): /config/workspace/myhomecloud
2026-03-17 13:49:02.672 [info] [Model][openRepository] Opened repository (real path): /config/workspace/myhomecloud
2026-03-17 13:49:02.672 [info] [Model][openRepository] Opened repository (kind): repository
2026-03-17 13:49:02.685 [info] [Model][doInitialScan] Initial repository scan completed - repositories (1), closed repositories (0), parent repositories (0), unsafe repositories (0)
2026-03-17 13:49:02.691 [info] > git config --get commit.template [1ms]
2026-03-17 13:49:02.700 [info] > git for-each-ref --format=%(refname)%00%(upstream:short)%00%(objectname)%00%(upstream:track)%00%(upstream:remotename)%00%(upstream:remoteref) refs/heads/main refs/remotes/main [1ms]
2026-03-17 13:49:02.705 [warning] [Git][revParse] Unable to read file: ENOENT: no such file or directory, open '/config/workspace/myhomecloud/.git/refs/remotes/origin/main'
2026-03-17 13:49:02.705 [info] > git rev-parse refs/remotes/origin/main [0ms]
2026-03-17 13:49:02.721 [info] > git status -z -uall [9ms]
2026-03-17 13:49:02.721 [info] > git for-each-ref --sort -committerdate --format %(refname)%00%(objectname)%00%(*objectname) [0ms]
2026-03-17 13:49:02.778 [info] > git for-each-ref --format=%(refname)%00%(upstream:short)%00%(objectname)%00%(upstream:track)%00%(upstream:remotename)%00%(upstream:remoteref) refs/heads/main refs/remotes/main [10ms]
2026-03-17 13:49:02.788 [info] > git config --get --local branch.main.vscode-merge-base [1ms]
2026-03-17 13:49:02.794 [info] > git config --get commit.template [16ms]
2026-03-17 13:49:02.795 [info] > git for-each-ref --format=%(refname)%00%(upstream:short)%00%(objectname)%00%(upstream:track)%00%(upstream:remotename)%00%(upstream:remoteref) refs/heads/origin/main refs/remotes/origin/main [2ms]
2026-03-17 13:49:02.811 [info] > git merge-base refs/heads/main refs/remotes/origin/main [13ms]
2026-03-17 13:49:02.825 [info] > git diff --raw --numstat --diff-filter=ADMR -z --find-renames=50% 788206fa3d2f5e76e6c68a235bdb4a0482bfa12a...refs/remotes/origin/main -- [1ms]
2026-03-17 13:49:02.825 [info] > git for-each-ref --format=%(refname)%00%(upstream:short)%00%(objectname)%00%(upstream:track)%00%(upstream:remotename)%00%(upstream:remoteref) refs/heads/main refs/remotes/main [19ms]
2026-03-17 13:49:02.830 [warning] [Git][revParse] Unable to read file: ENOENT: no such file or directory, open '/config/workspace/myhomecloud/.git/refs/remotes/origin/main'
2026-03-17 13:49:02.831 [info] > git rev-parse refs/remotes/origin/main [1ms]
2026-03-17 13:49:02.844 [info] > git status -z -uall [8ms]
2026-03-17 13:49:02.844 [info] > git for-each-ref --sort -committerdate --format %(refname)%00%(objectname)%00%(*objectname) [1ms]
2026-03-17 13:49:02.910 [info] > git rev-parse --show-toplevel [1ms]
2026-03-17 13:49:02.910 [info] fatal: not a git repository (or any parent up to mount point /)
Stopping at filesystem boundary (GIT_DISCOVERY_ACROSS_FILESYSTEM not set).
2026-03-17 13:49:03.155 [info] > git check-ignore -v -z --stdin [1ms]
2026-03-17 13:49:03.224 [info] > git show --textconv :README.md [4ms]
2026-03-17 13:49:03.224 [info] > git ls-files --stage -- README.md [1ms]
2026-03-17 13:49:03.231 [info] > git cat-file -s b0855a06cf467128b057d0a809e3eb24773dd0eb [5ms]
2026-03-17 13:49:03.428 [info] > git check-ignore -v -z --stdin [1ms]
2026-03-17 13:49:03.454 [info] > git blame --root --incremental 788206fa3d2f5e76e6c68a235bdb4a0482bfa12a -- README.md [1ms]
2026-03-17 13:49:04.509 [info] > git rev-parse --show-toplevel [1ms]
2026-03-17 13:49:04.509 [info] fatal: not a git repository (or any parent up to mount point /)
Stopping at filesystem boundary (GIT_DISCOVERY_ACROSS_FILESYSTEM not set).
