2026-03-17 14:51:04.780 [info] [main] Log level: Info
2026-03-17 14:51:04.780 [info] [main] Validating found git in: "git"
2026-03-17 14:51:04.780 [info] [main] Using git "2.43.0" from "git"
2026-03-17 14:51:04.780 [info] [Model][doInitialScan] Initial repository scan started
2026-03-17 14:51:04.780 [info] > git rev-parse --show-toplevel [1ms]
2026-03-17 14:51:04.780 [info] fatal: not a git repository (or any parent up to mount point /)
Stopping at filesystem boundary (GIT_DISCOVERY_ACROSS_FILESYSTEM not set).
2026-03-17 14:51:04.780 [info] > git rev-parse --show-toplevel [0ms]
2026-03-17 14:51:04.780 [info] > git rev-parse --git-dir --git-common-dir --show-superproject-working-tree [2ms]
2026-03-17 14:51:04.804 [info] [Model][openRepository] Opened repository (path): /config/workspace/myhomecloud
2026-03-17 14:51:04.804 [info] [Model][openRepository] Opened repository (real path): /config/workspace/myhomecloud
2026-03-17 14:51:04.804 [info] [Model][openRepository] Opened repository (kind): repository
2026-03-17 14:51:04.807 [info] [Model][doInitialScan] Initial repository scan completed - repositories (1), closed repositories (0), parent repositories (0), unsafe repositories (0)
2026-03-17 14:51:04.811 [info] > git config --get commit.template [2ms]
2026-03-17 14:51:04.812 [info] > git for-each-ref --format=%(refname)%00%(upstream:short)%00%(objectname)%00%(upstream:track)%00%(upstream:remotename)%00%(upstream:remoteref) refs/heads/main refs/remotes/main [2ms]
2026-03-17 14:51:04.813 [warning] [Git][revParse] Unable to read file: ENOENT: no such file or directory, open '/config/workspace/myhomecloud/.git/refs/remotes/origin/main'
2026-03-17 14:51:04.814 [info] > git rev-parse refs/remotes/origin/main [1ms]
2026-03-17 14:51:04.818 [info] > git status -z -uall [2ms]
2026-03-17 14:51:04.819 [info] > git for-each-ref --sort -committerdate --format %(refname)%00%(objectname)%00%(*objectname) [1ms]
2026-03-17 14:51:04.835 [info] > git for-each-ref --format=%(refname)%00%(upstream:short)%00%(objectname)%00%(upstream:track)%00%(upstream:remotename)%00%(upstream:remoteref) refs/heads/main refs/remotes/main [3ms]
2026-03-17 14:51:04.838 [info] > git config --get commit.template [3ms]
2026-03-17 14:51:04.838 [info] > git config --get --local branch.main.vscode-merge-base [1ms]
2026-03-17 14:51:04.842 [info] > git for-each-ref --format=%(refname)%00%(upstream:short)%00%(objectname)%00%(upstream:track)%00%(upstream:remotename)%00%(upstream:remoteref) refs/heads/origin/main refs/remotes/origin/main [2ms]
2026-03-17 14:51:04.844 [info] > git for-each-ref --format=%(refname)%00%(upstream:short)%00%(objectname)%00%(upstream:track)%00%(upstream:remotename)%00%(upstream:remoteref) refs/heads/main refs/remotes/main [3ms]
2026-03-17 14:51:04.845 [info] > git merge-base refs/heads/main refs/remotes/origin/main [1ms]
2026-03-17 14:51:04.848 [warning] [Git][revParse] Unable to read file: ENOENT: no such file or directory, open '/config/workspace/myhomecloud/.git/refs/remotes/origin/main'
2026-03-17 14:51:04.848 [info] > git diff --raw --numstat --diff-filter=ADMR -z --find-renames=50% 788206fa3d2f5e76e6c68a235bdb4a0482bfa12a...refs/remotes/origin/main -- [2ms]
2026-03-17 14:51:04.849 [info] > git rev-parse refs/remotes/origin/main [1ms]
2026-03-17 14:51:04.852 [info] > git status -z -uall [2ms]
2026-03-17 14:51:04.852 [info] > git for-each-ref --sort -committerdate --format %(refname)%00%(objectname)%00%(*objectname) [1ms]
2026-03-17 14:51:05.432 [info] > git check-ignore -v -z --stdin [0ms]
2026-03-17 14:51:06.060 [info] > git check-ignore -v -z --stdin [1ms]
2026-03-17 14:51:06.922 [info] > git check-ignore -v -z --stdin [0ms]
2026-03-17 14:51:07.028 [info] > git show --textconv :frontend/index.html [2ms]
2026-03-17 14:51:07.028 [info] > git ls-files --stage -- frontend/index.html [0ms]
2026-03-17 14:51:07.030 [info] > git cat-file -s e0abff52196b796df6d563a96a0f6ce8d447a0dd [1ms]
2026-03-17 14:51:41.929 [info] > git blame --root --incremental 788206fa3d2f5e76e6c68a235bdb4a0482bfa12a -- frontend/index.html [1ms]
2026-03-17 14:52:06.797 [info] > git check-ignore -v -z --stdin [1ms]
2026-03-17 14:52:06.963 [info] > git show --textconv :frontend/script.js [3ms]
2026-03-17 14:52:06.963 [info] > git ls-files --stage -- frontend/script.js [1ms]
2026-03-17 14:52:06.969 [info] > git cat-file -s c52bd1829b9d60838c7136d0092c110e6c4398bf [4ms]
2026-03-17 14:52:09.223 [info] > git blame --root --incremental 788206fa3d2f5e76e6c68a235bdb4a0482bfa12a -- frontend/script.js [2ms]
2026-03-17 14:52:18.432 [info] > git check-ignore -v -z --stdin [0ms]
2026-03-17 14:52:19.583 [info] > git check-ignore -v -z --stdin [1ms]
2026-03-17 14:52:19.707 [info] > git show --textconv :docker/portal/docker-compose.yml [9ms]
2026-03-17 14:52:19.707 [info] > git ls-files --stage -- docker/portal/docker-compose.yml [0ms]
2026-03-17 14:52:19.718 [info] > git cat-file -s caf5d63d4ebfb1ff8712ca0915f8d18f103828e5 [0ms]
2026-03-17 14:52:26.702 [info] > git check-ignore -v -z --stdin [1ms]
2026-03-17 14:52:26.809 [info] > git show --textconv :frontend/index.html [1ms]
2026-03-17 14:52:26.809 [info] > git ls-files --stage -- frontend/index.html [1ms]
2026-03-17 14:52:26.811 [info] > git cat-file -s e0abff52196b796df6d563a96a0f6ce8d447a0dd [0ms]
2026-03-17 14:53:41.956 [info] > git check-ignore -v -z --stdin [1ms]
2026-03-17 14:53:42.387 [info] > git check-ignore -v -z --stdin [0ms]
2026-03-17 14:53:42.497 [info] > git show --textconv :frontend/style.css [2ms]
2026-03-17 14:53:42.497 [info] > git ls-files --stage -- frontend/style.css [0ms]
2026-03-17 14:53:42.500 [info] > git cat-file -s b7d1df7f7dbb6853181bc5dd29d3fadf17640578 [1ms]
2026-03-17 14:54:09.674 [info] > git check-ignore -v -z --stdin [1ms]
2026-03-17 14:54:09.779 [info] > git show --textconv :frontend/index.html [1ms]
2026-03-17 14:54:09.780 [info] > git ls-files --stage -- frontend/index.html [1ms]
2026-03-17 14:54:09.782 [info] > git cat-file -s e0abff52196b796df6d563a96a0f6ce8d447a0dd [1ms]
2026-03-17 14:56:57.546 [info] > git check-ignore -v -z --stdin [1ms]
2026-03-17 14:56:57.650 [info] > git show --textconv :frontend/script.js [1ms]
2026-03-17 14:56:57.651 [info] > git ls-files --stage -- frontend/script.js [1ms]
2026-03-17 14:56:57.653 [info] > git cat-file -s c52bd1829b9d60838c7136d0092c110e6c4398bf [1ms]
2026-03-17 14:56:58.323 [info] > git check-ignore -v -z --stdin [0ms]
2026-03-17 14:56:58.427 [info] > git show --textconv :frontend/style.css [2ms]
2026-03-17 14:56:58.428 [info] > git ls-files --stage -- frontend/style.css [1ms]
2026-03-17 14:56:58.430 [info] > git cat-file -s b7d1df7f7dbb6853181bc5dd29d3fadf17640578 [1ms]
2026-03-17 14:56:58.856 [info] > git check-ignore -v -z --stdin [1ms]
2026-03-17 14:56:58.961 [info] > git show --textconv :frontend/script.js [2ms]
2026-03-17 14:56:58.961 [info] > git ls-files --stage -- frontend/script.js [0ms]
2026-03-17 14:56:58.964 [info] > git cat-file -s c52bd1829b9d60838c7136d0092c110e6c4398bf [1ms]
2026-03-17 14:56:59.632 [info] > git check-ignore -v -z --stdin [1ms]
2026-03-17 14:56:59.740 [info] > git show --textconv :frontend/style.css [2ms]
2026-03-17 14:56:59.740 [info] > git ls-files --stage -- frontend/style.css [0ms]
2026-03-17 14:56:59.743 [info] > git cat-file -s b7d1df7f7dbb6853181bc5dd29d3fadf17640578 [1ms]
2026-03-17 14:57:00.168 [info] > git check-ignore -v -z --stdin [1ms]
2026-03-17 14:57:00.546 [info] > git check-ignore -v -z --stdin [0ms]
2026-03-17 14:57:00.653 [info] > git show --textconv :frontend/index.html [2ms]
2026-03-17 14:57:00.654 [info] > git ls-files --stage -- frontend/index.html [1ms]
2026-03-17 14:57:00.656 [info] > git cat-file -s e0abff52196b796df6d563a96a0f6ce8d447a0dd [1ms]
2026-03-17 15:03:51.444 [info] > git check-ignore -v -z --stdin [0ms]
2026-03-17 15:03:51.551 [info] > git show --textconv :frontend/script.js [1ms]
2026-03-17 15:03:51.551 [info] > git ls-files --stage -- frontend/script.js [0ms]
2026-03-17 15:03:51.553 [info] > git cat-file -s c52bd1829b9d60838c7136d0092c110e6c4398bf [0ms]
2026-03-17 15:03:52.658 [info] > git check-ignore -v -z --stdin [1ms]
2026-03-17 15:03:52.762 [info] > git show --textconv :frontend/style.css [1ms]
2026-03-17 15:03:52.763 [info] > git ls-files --stage -- frontend/style.css [1ms]
2026-03-17 15:03:52.765 [info] > git cat-file -s b7d1df7f7dbb6853181bc5dd29d3fadf17640578 [1ms]
2026-03-17 15:03:55.361 [info] > git check-ignore -v -z --stdin [1ms]
2026-03-17 15:03:55.466 [info] > git show --textconv :frontend/script.js [2ms]
2026-03-17 15:03:55.466 [info] > git ls-files --stage -- frontend/script.js [0ms]
2026-03-17 15:03:55.468 [info] > git cat-file -s c52bd1829b9d60838c7136d0092c110e6c4398bf [0ms]
2026-03-17 15:03:55.991 [info] > git check-ignore -v -z --stdin [1ms]
2026-03-17 15:03:56.094 [info] > git show --textconv :frontend/index.html [2ms]
2026-03-17 15:03:56.094 [info] > git ls-files --stage -- frontend/index.html [0ms]
2026-03-17 15:03:56.096 [info] > git cat-file -s e0abff52196b796df6d563a96a0f6ce8d447a0dd [1ms]
2026-03-17 15:07:20.726 [info] > git check-ignore -v -z --stdin [1ms]
2026-03-17 15:07:20.835 [info] > git show --textconv :docker/portal/docker-compose.yml [1ms]
2026-03-17 15:07:20.836 [info] > git ls-files --stage -- docker/portal/docker-compose.yml [1ms]
2026-03-17 15:07:20.837 [info] > git cat-file -s caf5d63d4ebfb1ff8712ca0915f8d18f103828e5 [0ms]
2026-03-17 15:07:23.777 [info] > git check-ignore -v -z --stdin [1ms]
2026-03-17 15:07:23.881 [info] > git show --textconv :frontend/index.html [2ms]
2026-03-17 15:07:23.881 [info] > git ls-files --stage -- frontend/index.html [1ms]
2026-03-17 15:07:23.883 [info] > git cat-file -s e0abff52196b796df6d563a96a0f6ce8d447a0dd [1ms]
2026-03-17 15:07:24.409 [info] > git check-ignore -v -z --stdin [0ms]
2026-03-17 15:07:24.513 [info] > git show --textconv :frontend/script.js [1ms]
2026-03-17 15:07:24.514 [info] > git ls-files --stage -- frontend/script.js [1ms]
2026-03-17 15:07:24.516 [info] > git cat-file -s c52bd1829b9d60838c7136d0092c110e6c4398bf [1ms]
2026-03-17 15:07:25.236 [info] > git check-ignore -v -z --stdin [1ms]
2026-03-17 15:07:25.343 [info] > git show --textconv :frontend/style.css [2ms]
2026-03-17 15:07:25.343 [info] > git ls-files --stage -- frontend/style.css [0ms]
2026-03-17 15:07:25.345 [info] > git cat-file -s b7d1df7f7dbb6853181bc5dd29d3fadf17640578 [0ms]
2026-03-17 15:07:26.526 [info] > git check-ignore -v -z --stdin [0ms]
2026-03-17 15:07:26.632 [info] > git show --textconv :frontend/script.js [2ms]
2026-03-17 15:07:26.632 [info] > git ls-files --stage -- frontend/script.js [0ms]
2026-03-17 15:07:26.634 [info] > git cat-file -s c52bd1829b9d60838c7136d0092c110e6c4398bf [0ms]
2026-03-17 15:07:27.133 [info] > git check-ignore -v -z --stdin [1ms]
2026-03-17 15:07:27.237 [info] > git show --textconv :frontend/index.html [1ms]
2026-03-17 15:07:27.238 [info] > git ls-files --stage -- frontend/index.html [1ms]
2026-03-17 15:07:27.240 [info] > git cat-file -s e0abff52196b796df6d563a96a0f6ce8d447a0dd [1ms]
