2026-03-17 11:50:10.538 [info] Extension host with pid 25903 started
2026-03-17 11:50:10.563 [info] Lock '/config/data/User/workspaceStorage/527ed0a5/vscode.lock': Lock acquired.
2026-03-17 11:50:10.678 [info] ExtensionService#_doActivateExtension vscode.github-authentication, startup: false, activationEvent: 'onAuthenticationRequest:github'
2026-03-17 11:50:10.678 [info] ExtensionService#_doActivateExtension vscode.emmet, startup: false, activationEvent: 'onLanguage'
2026-03-17 11:50:10.679 [info] ExtensionService#_doActivateExtension vscode.extension-editing, startup: false, activationEvent: 'onLanguage:markdown'
2026-03-17 11:50:10.679 [info] ExtensionService#_doActivateExtension vscode.markdown-language-features, startup: false, activationEvent: 'onLanguage:markdown'
2026-03-17 11:50:11.297 [info] ExtensionService#_doActivateExtension vscode.git-base, startup: true, activationEvent: '*', root cause: vscode.git
2026-03-17 11:50:11.324 [info] ExtensionService#_doActivateExtension vscode.git, startup: true, activationEvent: '*'
2026-03-17 11:50:11.324 [info] ExtensionService#_doActivateExtension vscode.github, startup: true, activationEvent: '*'
2026-03-17 11:50:11.466 [info] ExtensionService#_doActivateExtension vscode.markdown-math, startup: false, activationEvent: 'api', root cause: vscode.markdown-language-features
2026-03-17 11:50:11.638 [info] Eager extensions activated
2026-03-17 11:50:11.638 [info] ExtensionService#_doActivateExtension vscode.debug-auto-launch, startup: false, activationEvent: 'onStartupFinished'
2026-03-17 11:50:11.638 [info] ExtensionService#_doActivateExtension vscode.merge-conflict, startup: false, activationEvent: 'onStartupFinished'
2026-03-17 11:50:13.706 [info] ExtensionService#_doActivateExtension vscode.terminal-suggest, startup: false, activationEvent: 'onTerminalShellIntegration:*'
2026-03-17 13:41:54.483 [info] ExtensionService#_doActivateExtension vscode.html-language-features, startup: false, activationEvent: 'onLanguage:html'
2026-03-17 13:42:05.102 [info] ExtensionService#_doActivateExtension vscode.typescript-language-features, startup: false, activationEvent: 'onLanguage:javascript'
2026-03-17 13:42:18.628 [info] ExtensionService#_doActivateExtension vscode.css-language-features, startup: false, activationEvent: 'onLanguage:css'
2026-03-17 13:47:01.388 [info] Extension host terminating: received terminate message from renderer
2026-03-17 13:47:01.388 [info] Lock '/config/data/User/workspaceStorage/527ed0a5/vscode.lock': Marking the lockfile as scheduled to be released in 6000 ms.
2026-03-17 13:47:01.420 [info] Extension host with pid 25903 exiting with code 0
