2026-03-17 11:50:11.733 [info] [main] Log level: Info
2026-03-17 11:50:11.733 [info] [main] Validating found git in: "git"
2026-03-17 11:50:11.733 [info] [main] Using git "2.43.0" from "git"
2026-03-17 11:50:11.733 [info] [Model][doInitialScan] Initial repository scan started
2026-03-17 11:50:11.733 [info] > git rev-parse --show-toplevel [126ms]
2026-03-17 11:50:11.733 [info] fatal: not a git repository (or any parent up to mount point /)
Stopping at filesystem boundary (GIT_DISCOVERY_ACROSS_FILESYSTEM not set).
2026-03-17 11:50:11.733 [info] > git rev-parse --show-toplevel [2ms]
2026-03-17 11:50:11.733 [info] > git rev-parse --git-dir --git-common-dir --show-superproject-working-tree [2ms]
2026-03-17 11:50:11.824 [info] [Model][openRepository] Opened repository (path): /config/workspace/myhomecloud
2026-03-17 11:50:11.824 [info] [Model][openRepository] Opened repository (real path): /config/workspace/myhomecloud
2026-03-17 11:50:11.824 [info] [Model][openRepository] Opened repository (kind): repository
2026-03-17 11:50:11.830 [info] [Model][doInitialScan] Initial repository scan completed - repositories (1), closed repositories (0), parent repositories (0), unsafe repositories (0)
2026-03-17 11:50:11.847 [info] > git config --get commit.template [0ms]
2026-03-17 11:50:11.851 [info] > git for-each-ref --format=%(refname)%00%(upstream:short)%00%(objectname)%00%(upstream:track)%00%(upstream:remotename)%00%(upstream:remoteref) refs/heads/main refs/remotes/main [2ms]
2026-03-17 11:50:11.860 [warning] [Git][revParse] Unable to read file: ENOENT: no such file or directory, open '/config/workspace/myhomecloud/.git/refs/remotes/origin/main'
2026-03-17 11:50:11.861 [info] > git rev-parse refs/remotes/origin/main [1ms]
2026-03-17 11:50:11.886 [info] > git status -z -uall [16ms]
2026-03-17 11:50:11.887 [info] > git for-each-ref --sort -committerdate --format %(refname)%00%(objectname)%00%(*objectname) [5ms]
2026-03-17 11:50:11.952 [info] > git for-each-ref --format=%(refname)%00%(upstream:short)%00%(objectname)%00%(upstream:track)%00%(upstream:remotename)%00%(upstream:remoteref) refs/heads/main refs/remotes/main [24ms]
2026-03-17 11:50:11.965 [info] > git config --get --local branch.main.vscode-merge-base [2ms]
2026-03-17 11:50:11.976 [info] > git config --get commit.template [39ms]
2026-03-17 11:50:11.977 [info] > git for-each-ref --format=%(refname)%00%(upstream:short)%00%(objectname)%00%(upstream:track)%00%(upstream:remotename)%00%(upstream:remoteref) refs/heads/origin/main refs/remotes/origin/main [1ms]
2026-03-17 11:50:11.988 [info] > git merge-base refs/heads/main refs/remotes/origin/main [3ms]
2026-03-17 11:50:12.001 [info] > git diff --raw --numstat --diff-filter=ADMR -z --find-renames=50% 788206fa3d2f5e76e6c68a235bdb4a0482bfa12a...refs/remotes/origin/main -- [2ms]
2026-03-17 11:50:12.002 [info] > git for-each-ref --format=%(refname)%00%(upstream:short)%00%(objectname)%00%(upstream:track)%00%(upstream:remotename)%00%(upstream:remoteref) refs/heads/main refs/remotes/main [14ms]
2026-03-17 11:50:12.006 [warning] [Git][revParse] Unable to read file: ENOENT: no such file or directory, open '/config/workspace/myhomecloud/.git/refs/remotes/origin/main'
2026-03-17 11:50:12.008 [info] > git rev-parse refs/remotes/origin/main [2ms]
2026-03-17 11:50:12.022 [info] > git status -z -uall [3ms]
2026-03-17 11:50:12.028 [info] > git for-each-ref --sort -committerdate --format %(refname)%00%(objectname)%00%(*objectname) [7ms]
2026-03-17 11:50:12.266 [info] > git check-ignore -v -z --stdin [5ms]
2026-03-17 11:50:12.309 [info] > git show --textconv :README.md [9ms]
2026-03-17 11:50:12.312 [info] > git ls-files --stage -- README.md [2ms]
2026-03-17 11:50:12.316 [info] > git cat-file -s b0855a06cf467128b057d0a809e3eb24773dd0eb [1ms]
2026-03-17 11:50:12.364 [info] > git blame --root --incremental 788206fa3d2f5e76e6c68a235bdb4a0482bfa12a -- README.md [1ms]
2026-03-17 11:50:12.528 [info] > git check-ignore -v -z --stdin [1ms]
2026-03-17 11:50:12.801 [info] > git rev-parse --show-toplevel [0ms]
2026-03-17 11:50:12.801 [info] fatal: not a git repository (or any parent up to mount point /)
Stopping at filesystem boundary (GIT_DISCOVERY_ACROSS_FILESYSTEM not set).
2026-03-17 11:50:13.930 [info] > git rev-parse --show-toplevel [0ms]
2026-03-17 11:50:13.930 [info] fatal: not a git repository (or any parent up to mount point /)
Stopping at filesystem boundary (GIT_DISCOVERY_ACROSS_FILESYSTEM not set).
2026-03-17 13:41:54.808 [info] > git check-ignore -v -z --stdin [0ms]
2026-03-17 13:41:54.874 [info] > git show --textconv :frontend/index.html [2ms]
2026-03-17 13:41:54.874 [info] > git ls-files --stage -- frontend/index.html [0ms]
2026-03-17 13:41:54.877 [info] > git cat-file -s e0abff52196b796df6d563a96a0f6ce8d447a0dd [1ms]
2026-03-17 13:42:05.368 [info] > git check-ignore -v -z --stdin [1ms]
2026-03-17 13:42:05.422 [info] > git show --textconv :frontend/script.js [3ms]
2026-03-17 13:42:05.422 [info] > git ls-files --stage -- frontend/script.js [1ms]
2026-03-17 13:42:05.426 [info] > git cat-file -s c52bd1829b9d60838c7136d0092c110e6c4398bf [2ms]
2026-03-17 13:42:10.264 [info] > git blame --root --incremental 788206fa3d2f5e76e6c68a235bdb4a0482bfa12a -- frontend/script.js [1ms]
2026-03-17 13:42:18.850 [info] > git check-ignore -v -z --stdin [1ms]
2026-03-17 13:42:18.904 [info] > git show --textconv :frontend/style.css [2ms]
2026-03-17 13:42:18.905 [info] > git ls-files --stage -- frontend/style.css [1ms]
2026-03-17 13:42:18.907 [info] > git cat-file -s b7d1df7f7dbb6853181bc5dd29d3fadf17640578 [1ms]
2026-03-17 13:42:24.769 [info] > git check-ignore -v -z --stdin [1ms]
2026-03-17 13:42:24.823 [info] > git show --textconv :README.md [2ms]
2026-03-17 13:42:24.823 [info] > git ls-files --stage -- README.md [0ms]
2026-03-17 13:42:24.826 [info] > git cat-file -s b0855a06cf467128b057d0a809e3eb24773dd0eb [1ms]
