2026-03-17 13:49:01.031 [info] Extension host with pid 80436 started
2026-03-17 13:49:01.031 [error] Error: EEXIST: file already exists, open '/config/data/User/workspaceStorage/527ed0a5/vscode.lock'
2026-03-17 13:49:01.032 [info] Lock '/config/data/User/workspaceStorage/527ed0a5/vscode.lock': Could not acquire lock, checking if the file is stale.
2026-03-17 13:49:01.033 [info] Lock '/config/data/User/workspaceStorage/527ed0a5/vscode.lock': The lock does not look stale, elapsed: 748 ms, giving up.
2026-03-17 13:49:01.041 [error] Error: EEXIST: file already exists, open '/config/data/User/workspaceStorage/527ed0a5-1/vscode.lock'
2026-03-17 13:49:01.041 [info] Lock '/config/data/User/workspaceStorage/527ed0a5-1/vscode.lock': Could not acquire lock, checking if the file is stale.
2026-03-17 13:49:01.045 [info] Lock '/config/data/User/workspaceStorage/527ed0a5-1/vscode.lock': The lock does not look stale, elapsed: 96 ms, giving up.
2026-03-17 13:49:01.073 [info] Lock '/config/data/User/workspaceStorage/527ed0a5-2/vscode.lock': Lock acquired.
2026-03-17 13:49:01.293 [info] ExtensionService#_doActivateExtension vscode.github-authentication, startup: false, activationEvent: 'onAuthenticationRequest:github'
2026-03-17 13:49:01.293 [info] ExtensionService#_doActivateExtension vscode.emmet, startup: false, activationEvent: 'onLanguage'
2026-03-17 13:49:01.294 [info] ExtensionService#_doActivateExtension vscode.extension-editing, startup: false, activationEvent: 'onLanguage:markdown'
2026-03-17 13:49:01.294 [info] ExtensionService#_doActivateExtension vscode.markdown-language-features, startup: false, activationEvent: 'onLanguage:markdown'
2026-03-17 13:49:01.919 [info] ExtensionService#_doActivateExtension vscode.git-base, startup: true, activationEvent: '*', root cause: vscode.git
2026-03-17 13:49:02.025 [info] ExtensionService#_doActivateExtension vscode.git, startup: true, activationEvent: '*'
2026-03-17 13:49:02.025 [info] ExtensionService#_doActivateExtension vscode.github, startup: true, activationEvent: '*'
2026-03-17 13:49:02.237 [info] ExtensionService#_doActivateExtension vscode.markdown-math, startup: false, activationEvent: 'api', root cause: vscode.markdown-language-features
2026-03-17 13:49:02.408 [info] Eager extensions activated
2026-03-17 13:49:02.408 [info] ExtensionService#_doActivateExtension vscode.debug-auto-launch, startup: false, activationEvent: 'onStartupFinished'
2026-03-17 13:49:02.408 [info] ExtensionService#_doActivateExtension vscode.merge-conflict, startup: false, activationEvent: 'onStartupFinished'
2026-03-17 13:49:04.092 [info] ExtensionService#_doActivateExtension vscode.terminal-suggest, startup: false, activationEvent: 'onTerminalShellIntegration:*'
2026-03-17 13:49:06.344 [info] Extension host terminating: received terminate message from renderer
2026-03-17 13:49:06.344 [info] Lock '/config/data/User/workspaceStorage/527ed0a5-2/vscode.lock': Marking the lockfile as scheduled to be released in 6000 ms.
2026-03-17 13:49:06.369 [info] Extension host with pid 80436 exiting with code 0
