2026-03-17 13:39:59.204 [info] [main] Log level: Info
2026-03-17 13:39:59.204 [info] [main] Validating found git in: "git"
2026-03-17 13:39:59.204 [info] [main] Using git "2.43.0" from "git"
2026-03-17 13:39:59.204 [info] [Model][doInitialScan] Initial repository scan started
2026-03-17 13:39:59.204 [info] > git rev-parse --show-toplevel [2ms]
2026-03-17 13:39:59.204 [info] fatal: not a git repository (or any parent up to mount point /)
Stopping at filesystem boundary (GIT_DISCOVERY_ACROSS_FILESYSTEM not set).
2026-03-17 13:39:59.204 [info] > git rev-parse --show-toplevel [5ms]
2026-03-17 13:39:59.204 [info] > git rev-parse --git-dir --git-common-dir --show-superproject-working-tree [8ms]
2026-03-17 13:39:59.310 [info] [Model][openRepository] Opened repository (path): /config/workspace/myhomecloud
2026-03-17 13:39:59.310 [info] [Model][openRepository] Opened repository (real path): /config/workspace/myhomecloud
2026-03-17 13:39:59.310 [info] [Model][openRepository] Opened repository (kind): repository
2026-03-17 13:39:59.314 [info] [Model][doInitialScan] Initial repository scan completed - repositories (1), closed repositories (0), parent repositories (0), unsafe repositories (0)
2026-03-17 13:39:59.324 [info] > git for-each-ref --format=%(refname)%00%(upstream:short)%00%(objectname)%00%(upstream:track)%00%(upstream:remotename)%00%(upstream:remoteref) refs/heads/main refs/remotes/main [1ms]
2026-03-17 13:39:59.324 [info] > git config --get commit.template [4ms]
2026-03-17 13:39:59.326 [warning] [Git][revParse] Unable to read file: ENOENT: no such file or directory, open '/config/workspace/myhomecloud/.git/refs/remotes/origin/main'
2026-03-17 13:39:59.328 [info] > git rev-parse refs/remotes/origin/main [2ms]
2026-03-17 13:39:59.350 [info] > git status -z -uall [17ms]
2026-03-17 13:39:59.350 [info] > git for-each-ref --sort -committerdate --format %(refname)%00%(objectname)%00%(*objectname) [1ms]
2026-03-17 13:39:59.408 [info] > git for-each-ref --format=%(refname)%00%(upstream:short)%00%(objectname)%00%(upstream:track)%00%(upstream:remotename)%00%(upstream:remoteref) refs/heads/main refs/remotes/main [35ms]
2026-03-17 13:39:59.424 [info] > git config --get commit.template [6ms]
2026-03-17 13:39:59.424 [info] > git config --get --local branch.main.vscode-merge-base [10ms]
2026-03-17 13:39:59.443 [info] > git for-each-ref --format=%(refname)%00%(upstream:short)%00%(objectname)%00%(upstream:track)%00%(upstream:remotename)%00%(upstream:remoteref) refs/heads/origin/main refs/remotes/origin/main [8ms]
2026-03-17 13:39:59.450 [info] > git for-each-ref --format=%(refname)%00%(upstream:short)%00%(objectname)%00%(upstream:track)%00%(upstream:remotename)%00%(upstream:remoteref) refs/heads/main refs/remotes/main [8ms]
2026-03-17 13:39:59.453 [warning] [Git][revParse] Unable to read file: ENOENT: no such file or directory, open '/config/workspace/myhomecloud/.git/refs/remotes/origin/main'
2026-03-17 13:39:59.454 [info] > git merge-base refs/heads/main refs/remotes/origin/main [5ms]
2026-03-17 13:39:59.463 [info] > git diff --raw --numstat --diff-filter=ADMR -z --find-renames=50% 788206fa3d2f5e76e6c68a235bdb4a0482bfa12a...refs/remotes/origin/main -- [2ms]
2026-03-17 13:39:59.466 [info] > git rev-parse refs/remotes/origin/main [13ms]
2026-03-17 13:39:59.484 [info] > git status -z -uall [5ms]
2026-03-17 13:39:59.493 [info] > git for-each-ref --sort -committerdate --format %(refname)%00%(objectname)%00%(*objectname) [9ms]
2026-03-17 13:39:59.559 [info] > git rev-parse --show-toplevel [2ms]
2026-03-17 13:39:59.559 [info] fatal: not a git repository (or any parent up to mount point /)
Stopping at filesystem boundary (GIT_DISCOVERY_ACROSS_FILESYSTEM not set).
2026-03-17 13:40:00.089 [info] > git check-ignore -v -z --stdin [0ms]
2026-03-17 13:40:00.461 [info] > git check-ignore -v -z --stdin [3ms]
2026-03-17 13:40:00.557 [info] > git show --textconv :README.md [6ms]
2026-03-17 13:40:00.557 [info] > git ls-files --stage -- README.md [1ms]
2026-03-17 13:40:00.566 [info] > git cat-file -s b0855a06cf467128b057d0a809e3eb24773dd0eb [2ms]
2026-03-17 13:40:01.440 [info] > git blame --root --incremental 788206fa3d2f5e76e6c68a235bdb4a0482bfa12a -- README.md [1ms]
2026-03-17 13:40:07.349 [info] > git rev-parse --show-toplevel [0ms]
2026-03-17 13:40:07.350 [info] fatal: not a git repository (or any parent up to mount point /)
Stopping at filesystem boundary (GIT_DISCOVERY_ACROSS_FILESYSTEM not set).
