2026-03-17 10:59:01.353 [info] Extension host with pid 11441 started
2026-03-17 10:59:01.358 [info] Lock '/config/data/User/workspaceStorage/527ed0a5/vscode.lock': Lock acquired.
2026-03-17 10:59:01.426 [info] ExtensionService#_doActivateExtension vscode.github-authentication, startup: false, activationEvent: 'onAuthenticationRequest:github'
2026-03-17 10:59:01.427 [info] ExtensionService#_doActivateExtension vscode.emmet, startup: false, activationEvent: 'onLanguage'
2026-03-17 10:59:01.498 [info] ExtensionService#_doActivateExtension vscode.git-base, startup: true, activationEvent: '*', root cause: vscode.git
2026-03-17 10:59:01.540 [info] ExtensionService#_doActivateExtension vscode.git, startup: true, activationEvent: '*'
2026-03-17 10:59:01.541 [info] ExtensionService#_doActivateExtension vscode.github, startup: true, activationEvent: '*'
2026-03-17 10:59:01.623 [info] Eager extensions activated
2026-03-17 10:59:01.623 [info] ExtensionService#_doActivateExtension vscode.debug-auto-launch, startup: false, activationEvent: 'onStartupFinished'
2026-03-17 10:59:01.623 [info] ExtensionService#_doActivateExtension vscode.merge-conflict, startup: false, activationEvent: 'onStartupFinished'
2026-03-17 10:59:04.190 [info] ExtensionService#_doActivateExtension vscode.html-language-features, startup: false, activationEvent: 'onLanguage:html'
2026-03-17 10:59:05.244 [info] ExtensionService#_doActivateExtension vscode.terminal-suggest, startup: false, activationEvent: 'onTerminalShellIntegration:*'
2026-03-17 10:59:09.183 [info] ExtensionService#_doActivateExtension vscode.typescript-language-features, startup: false, activationEvent: 'onLanguage:javascript'
2026-03-17 10:59:13.069 [info] ExtensionService#_doActivateExtension vscode.css-language-features, startup: false, activationEvent: 'onLanguage:css'
2026-03-17 10:59:15.954 [info] ExtensionService#_doActivateExtension vscode.extension-editing, startup: false, activationEvent: 'onLanguage:markdown'
2026-03-17 10:59:15.954 [info] ExtensionService#_doActivateExtension vscode.markdown-language-features, startup: false, activationEvent: 'onLanguage:markdown'
2026-03-17 10:59:16.439 [info] ExtensionService#_doActivateExtension vscode.markdown-math, startup: false, activationEvent: 'api', root cause: vscode.markdown-language-features
2026-03-17 11:17:06.107 [info] Extension host terminating: renderer disconnected for too long (2)
2026-03-17 11:17:06.107 [info] Lock '/config/data/User/workspaceStorage/527ed0a5/vscode.lock': Marking the lockfile as scheduled to be released in 6000 ms.
2026-03-17 11:17:06.136 [info] Extension host with pid 11441 exiting with code 0
