2026-03-17 14:51:01.809 [info] Extension host with pid 122487 started
2026-03-17 14:51:01.809 [error] Error: EEXIST: file already exists, open '/config/data/User/workspaceStorage/527ed0a5/vscode.lock'
2026-03-17 14:51:01.809 [info] Lock '/config/data/User/workspaceStorage/527ed0a5/vscode.lock': Could not acquire lock, checking if the file is stale.
2026-03-17 14:51:01.810 [info] Lock '/config/data/User/workspaceStorage/527ed0a5/vscode.lock': The lock does not look stale, elapsed: 171 ms, giving up.
2026-03-17 14:51:01.810 [error] Error: EEXIST: file already exists, open '/config/data/User/workspaceStorage/527ed0a5-1/vscode.lock'
2026-03-17 14:51:01.816 [info] Lock '/config/data/User/workspaceStorage/527ed0a5-1/vscode.lock': Could not acquire lock, checking if the file is stale.
2026-03-17 14:51:01.821 [info] Lock '/config/data/User/workspaceStorage/527ed0a5-1/vscode.lock': The lock does not look stale, elapsed: 468 ms, giving up.
2026-03-17 14:51:01.839 [info] Lock '/config/data/User/workspaceStorage/527ed0a5-2/vscode.lock': Lock acquired.
2026-03-17 14:51:02.310 [info] ExtensionService#_doActivateExtension vscode.github-authentication, startup: false, activationEvent: 'onAuthenticationRequest:github'
2026-03-17 14:51:02.311 [info] ExtensionService#_doActivateExtension vscode.emmet, startup: false, activationEvent: 'onLanguage'
2026-03-17 14:51:02.469 [info] ExtensionService#_doActivateExtension vscode.git-base, startup: true, activationEvent: '*'
2026-03-17 14:51:02.593 [info] ExtensionService#_doActivateExtension vscode.github, startup: true, activationEvent: '*'
2026-03-17 14:51:02.744 [info] Eager extensions activated
2026-03-17 14:51:02.744 [info] ExtensionService#_doActivateExtension vscode.debug-auto-launch, startup: false, activationEvent: 'onStartupFinished'
2026-03-17 14:51:02.745 [info] ExtensionService#_doActivateExtension vscode.merge-conflict, startup: false, activationEvent: 'onStartupFinished'
2026-03-17 14:51:04.496 [info] ExtensionService#_doActivateExtension vscode.git, startup: false, activationEvent: 'api', root cause: vscode.github
2026-03-17 14:51:06.413 [info] ExtensionService#_doActivateExtension vscode.html-language-features, startup: false, activationEvent: 'onLanguage:html'
2026-03-17 14:52:06.584 [info] ExtensionService#_doActivateExtension vscode.typescript-language-features, startup: false, activationEvent: 'onLanguage:javascript'
2026-03-17 14:53:42.141 [info] ExtensionService#_doActivateExtension vscode.css-language-features, startup: false, activationEvent: 'onLanguage:css'
2026-03-17 15:08:03.917 [info] Extension host terminating: received terminate message from renderer
2026-03-17 15:08:03.917 [info] Lock '/config/data/User/workspaceStorage/527ed0a5-2/vscode.lock': Marking the lockfile as scheduled to be released in 6000 ms.
2026-03-17 15:08:03.944 [error] [vscode.html-language-features] provider FAILED
2026-03-17 15:08:03.944 [error] Error: Starting server failed
	at Ub.$start (/app/code-server/lib/vscode/extensions/html-language-features/client/dist/node/htmlClientMain.js:16:10999)
	at async Ub.sendRequest (/app/code-server/lib/vscode/extensions/html-language-features/client/dist/node/htmlClientMain.js:12:136634)
	at async L4.provideColors (file:///app/code-server/lib/vscode/out/vs/workbench/api/node/extensionHostProcess.js:143:172765)
2026-03-17 15:08:03.949 [info] Extension host with pid 122487 exiting with code 0
